 ******* Program SOILCO2
 *******  Zalf Lysimeter Dedelow Dd_2_6 with Nitrogen                            
 Units: L = cm  , T = day , M = kg  

      Time     sum(rTop)    sum(rRoot)     sum(vTop)    sum(vRoot)     sum(vBot)          hTop         hRoot          hBot
       [T]           [L]           [L]           [L]           [L]           [L]           [L]           [L]           [L]
         1  4.480000E-01  0.000000E+00  4.480182E-01  0.000000E+00 -4.953956E-01 -1.402672E+02  0.000000E+00 -8.500000E+02
         2 -1.147064E+00  1.072361E-02 -1.147057E+00  9.366890E-03 -7.045922E-01 -7.894948E+01 -8.517457E+01 -8.500000E+02
         3 -3.155079E+00  2.686365E-02 -3.155072E+00  2.030463E-02 -9.001543E-01 -6.689056E+01 -7.220605E+01 -8.500000E+02
         4 -2.964578E+00  3.569781E-02 -2.964544E+00  2.858127E-02 -1.138989E+00 -1.180808E+02 -1.221149E+02 -8.500000E+02
         5 -2.714993E+00  4.621292E-02 -2.714946E+00  3.909639E-02 -1.554851E+00 -1.426359E+02 -1.484287E+02 -8.500000E+02
         6 -2.422354E+00  6.023396E-02 -2.422307E+00  5.311742E-02 -2.076990E+00 -1.654564E+02 -1.719548E+02 -8.500000E+02
         7 -2.340866E+00  7.242135E-02 -2.340842E+00  6.530481E-02 -2.572845E+00 -1.604628E+02 -1.690295E+02 -8.500000E+02
         8 -2.026918E+00  8.606818E-02 -2.026867E+00  7.895165E-02 -3.005087E+00 -1.932160E+02 -2.001565E+02 -8.500000E+02
         9 -1.753577E+00  9.920682E-02 -1.753535E+00  9.209028E-02 -3.376835E+00 -2.061551E+02 -2.142835E+02 -8.500000E+02
        10 -1.775355E+00  1.097046E-01 -1.775382E+00  1.025880E-01 -3.691428E+00 -1.768504E+02 -1.878884E+02 -7.971000E+02
        11 -2.049462E+00  1.243070E-01 -2.049504E+00  1.171904E-01 -3.965202E+00 -1.498101E+02 -1.607224E+02 -7.325000E+02
        12 -1.990329E+00  1.332193E-01 -1.990354E+00  1.261028E-01 -4.202959E+00 -1.720742E+02 -1.814830E+02 -6.742000E+02
        13 -2.022450E+00  1.464796E-01 -2.022485E+00  1.393630E-01 -4.412361E+00 -1.682430E+02 -1.784356E+02 -6.182000E+02
        14 -2.201641E+00  1.594010E-01 -2.201685E+00  1.522845E-01 -4.604522E+00 -1.547718E+02 -1.652350E+02 -5.649000E+02
        15 -2.452768E+00  1.696425E-01 -2.452824E+00  1.625260E-01 -4.781817E+00 -1.457786E+02 -1.557023E+02 -5.087000E+02
        16 -2.616144E+00  1.794887E-01 -2.616195E+00  1.723722E-01 -4.945384E+00 -1.485425E+02 -1.582380E+02 -4.546000E+02
        17 -2.413799E+00  1.891836E-01 -2.413793E+00  1.820670E-01 -5.096590E+00 -1.849882E+02 -1.935143E+02 -4.040000E+02
        18 -2.260388E+00  2.011277E-01 -2.260386E+00  1.940112E-01 -5.238538E+00 -1.943076E+02 -2.037333E+02 -3.513000E+02
        19 -2.358094E+00  2.119642E-01 -2.358118E+00  2.048477E-01 -5.373765E+00 -1.716499E+02 -1.829837E+02 -2.968000E+02
        20 -2.167662E+00  2.204118E-01 -2.167656E+00  2.132953E-01 -5.516153E+00 -2.044870E+02 -2.135249E+02 -3.011000E+02
        21 -1.919978E+00  2.307880E-01 -1.919965E+00  2.236714E-01 -5.657573E+00 -2.295088E+02 -2.384928E+02 -3.152000E+02
        22 -1.674843E+00  2.425330E-01 -1.674830E+00  2.354164E-01 -5.791831E+00 -2.475701E+02 -2.569813E+02 -3.180000E+02
        23 -1.416280E+00  2.534303E-01 -1.416267E+00  2.463138E-01 -5.920563E+00 -2.679186E+02 -2.772708E+02 -3.249000E+02
        24 -1.187896E+00  2.642712E-01 -1.187886E+00  2.571547E-01 -6.041137E+00 -2.781186E+02 -2.882016E+02 -3.263000E+02
        25 -9.483964E-01  2.746864E-01 -9.483851E-01  2.675699E-01 -6.158053E+00 -2.955859E+02 -3.056646E+02 -3.345000E+02
        26 -7.134211E-01  2.847411E-01 -7.134107E-01  2.776246E-01 -6.268082E+00 -3.107545E+02 -3.209017E+02 -3.440000E+02
        27 -5.051721E-01  2.963421E-01 -5.051638E-01  2.892256E-01 -6.371696E+00 -3.176436E+02 -3.290350E+02 -3.517000E+02
        28 -2.008280E-01  3.094330E-01 -2.008072E-01  3.023164E-01 -6.466695E+00 -3.766766E+02 -3.806486E+02 -3.625000E+02
        29 -6.151015E-01  3.154049E-01 -6.150887E-01  3.082883E-01 -6.555196E+00 -1.961976E+02 -2.205416E+02 -3.675000E+02
        30 -5.490236E-01  3.236416E-01 -5.490099E-01  3.165251E-01 -6.637398E+00 -2.411739E+02 -2.404344E+02 -3.680000E+02
        31 -1.120352E+00  3.270349E-01 -1.120327E+00  3.199183E-01 -6.715133E+00 -1.568296E+02 -1.702007E+02 -3.750000E+02
        32 -3.129295E+00  3.291672E-01 -3.129203E+00  3.219412E-01 -6.788421E+00 -8.318492E+01 -8.844906E+01 -3.867000E+02
        33 -2.921032E+00  3.443627E-01 -2.920913E+00  3.369815E-01 -6.856041E+00 -1.580083E+02 -1.493340E+02 -3.930000E+02
        34 -2.634463E+00  3.642414E-01 -2.634336E+00  3.568601E-01 -6.920280E+00 -1.953256E+02 -1.820972E+02 -4.018000E+02
        35 -2.357366E+00  3.839948E-01 -2.357251E+00  3.766136E-01 -6.981457E+00 -2.225557E+02 -2.000611E+02 -4.020000E+02
        36 -2.080314E+00  4.053866E-01 -2.080206E+00  3.980053E-01 -7.041275E+00 -2.500306E+02 -2.222735E+02 -3.993000E+02
        37 -1.799697E+00  4.302080E-01 -1.799589E+00  4.228267E-01 -7.102324E+00 -2.794122E+02 -2.381699E+02 -3.997000E+02
        38 -3.414410E+00  4.443713E-01 -3.414199E+00  4.369900E-01 -7.165468E+00 -9.934426E+01 -1.141982E+02 -3.987000E+02
        39 -3.190672E+00  4.688348E-01 -3.190422E+00  4.614528E-01 -7.231463E+00 -1.799802E+02 -1.622177E+02 -4.031000E+02
        40 -2.999027E+00  4.880568E-01 -2.998771E+00  4.806748E-01 -7.298861E+00 -2.034421E+02 -1.806697E+02 -4.060000E+02
        41 -3.368959E+00  5.025736E-01 -3.368700E+00  4.951916E-01 -7.366362E+00 -1.521003E+02 -1.549265E+02 -4.040000E+02
        42 -3.209649E+00  5.206534E-01 -3.209319E+00  5.132713E-01 -7.434691E+00 -1.987236E+02 -1.742127E+02 -3.993000E+02
        43 -3.110157E+00  5.315673E-01 -3.109828E+00  5.241853E-01 -7.503587E+00 -2.040020E+02 -1.825617E+02 -3.916000E+02
        44 -3.046455E+00  5.378248E-01 -3.046133E+00  5.304428E-01 -7.574199E+00 -2.055636E+02 -1.862816E+02 -3.826000E+02
        45 -4.861901E+00  5.480232E-01 -4.861492E+00  5.404947E-01 -7.644738E+00 -8.825561E+01 -1.037088E+02 -3.714000E+02
        46 -4.645302E+00  5.864707E-01 -4.644863E+00  5.787688E-01 -7.715612E+00 -1.604941E+02 -1.375585E+02 -3.625000E+02
        47 -4.435959E+00  6.231053E-01 -4.435518E+00  6.154034E-01 -7.786021E+00 -1.867664E+02 -1.553047E+02 -3.501000E+02
        48 -4.243810E+00  6.621713E-01 -4.243371E+00  6.544694E-01 -7.856018E+00 -2.050284E+02 -1.695282E+02 -3.379000E+02
        49 -4.073507E+00  7.042367E-01 -4.073069E+00  6.965348E-01 -7.928538E+00 -2.188030E+02 -1.805367E+02 -3.276000E+02
        50 -3.893812E+00  7.439204E-01 -3.893373E+00  7.362185E-01 -8.006049E+00 -2.345461E+02 -1.888873E+02 -3.174000E+02
        51 -4.229031E+00  7.815934E-01 -4.228604E+00  7.738915E-01 -8.086810E+00 -1.691085E+02 -1.682565E+02 -3.074000E+02
        52 -4.491259E+00  8.049334E-01 -4.490822E+00  7.972315E-01 -8.169833E+00 -1.625263E+02 -1.570380E+02 -2.961000E+02
        53 -4.520066E+00  8.312072E-01 -4.519613E+00  8.235053E-01 -8.252657E+00 -1.815691E+02 -1.608317E+02 -2.910000E+02
        54 -4.360979E+00  8.882938E-01 -4.360486E+00  8.805919E-01 -8.335715E+00 -2.160365E+02 -1.737975E+02 -2.882000E+02
        55 -4.266026E+00  9.185792E-01 -4.265541E+00  9.108773E-01 -8.418215E+00 -2.174327E+02 -1.783044E+02 -2.925000E+02
        56 -4.447727E+00  9.482876E-01 -4.447236E+00  9.405857E-01 -8.499393E+00 -1.835898E+02 -1.700704E+02 -2.941000E+02
        57 -4.437420E+00  9.581630E-01 -4.436913E+00  9.504611E-01 -8.579036E+00 -1.982043E+02 -1.703122E+02 -2.946000E+02
        58 -4.293764E+00  1.011453E+00 -4.293242E+00  1.003751E+00 -8.657252E+00 -2.273047E+02 -1.792563E+02 -2.952000E+02
        59 -4.160480E+00  1.077260E+00 -4.159955E+00  1.069558E+00 -8.733133E+00 -2.432484E+02 -1.884634E+02 -2.919000E+02
        60 -4.063626E+00  1.120702E+00 -4.063139E+00  1.113000E+00 -8.807343E+00 -2.442920E+02 -1.925884E+02 -2.917000E+02
        61 -5.368280E+00  1.124070E+00 -5.367743E+00  1.116368E+00 -8.878938E+00 -1.098115E+02 -1.408275E+02 -2.930000E+02
        62 -5.311379E+00  1.157936E+00 -5.310795E+00  1.150234E+00 -8.950788E+00 -1.717176E+02 -1.450784E+02 -2.989000E+02
        63 -5.263892E+00  1.180454E+00 -5.263318E+00  1.172752E+00 -9.020025E+00 -1.841173E+02 -1.526255E+02 -3.005000E+02
        64 -5.167814E+00  1.233371E+00 -5.167254E+00  1.225669E+00 -9.087061E+00 -2.024033E+02 -1.590492E+02 -3.018000E+02
        65 -5.052443E+00  1.309199E+00 -5.051881E+00  1.301497E+00 -9.152497E+00 -2.207391E+02 -1.685232E+02 -3.029000E+02
        66 -4.952640E+00  1.379403E+00 -4.952087E+00  1.371701E+00 -9.217176E+00 -2.301245E+02 -1.746734E+02 -3.024000E+02
        67 -4.863470E+00  1.446408E+00 -4.862915E+00  1.438706E+00 -9.281168E+00 -2.380976E+02 -1.807810E+02 -3.004000E+02
        68 -4.974637E+00  1.470163E+00 -4.974066E+00  1.462462E+00 -9.346024E+00 -2.041202E+02 -1.762765E+02 -3.014000E+02
        69 -5.052706E+00  1.515640E+00 -5.052136E+00  1.507938E+00 -9.412359E+00 -2.037020E+02 -1.721946E+02 -3.065000E+02
        70 -5.595539E+00  1.538187E+00 -5.594956E+00  1.530485E+00 -9.475405E+00 -1.493657E+02 -1.547733E+02 -2.995000E+02
        71 -5.523544E+00  1.595722E+00 -5.522963E+00  1.588020E+00 -9.537195E+00 -1.986134E+02 -1.586663E+02 -2.949000E+02
        72 -5.821273E+00  1.603021E+00 -5.820734E+00  1.595319E+00 -9.597646E+00 -1.625549E+02 -1.516442E+02 -2.925000E+02
        73 -5.767351E+00  1.648986E+00 -5.766776E+00  1.641284E+00 -9.656745E+00 -1.960995E+02 -1.557023E+02 -2.915000E+02
        74 -5.803711E+00  1.658429E+00 -5.803187E+00  1.650727E+00 -9.714602E+00 -1.896852E+02 -1.552225E+02 -2.895000E+02
        75 -6.254655E+00  1.658429E+00 -6.254132E+00  1.650727E+00 -9.771586E+00 -1.488086E+02 -1.444611E+02 -2.879000E+02
        76 -6.439521E+00  1.658941E+00 -6.439013E+00  1.651239E+00 -9.828504E+00 -1.588855E+02 -1.400412E+02 -2.894000E+02
        77 -6.401828E+00  1.678594E+00 -6.401340E+00  1.670893E+00 -9.886317E+00 -1.820714E+02 -1.435421E+02 -2.916000E+02
        78 -7.039685E+00  1.688524E+00 -7.039207E+00  1.680822E+00 -9.942900E+00 -1.301598E+02 -1.308765E+02 -2.899000E+02
        79 -6.997480E+00  1.722185E+00 -6.997005E+00  1.714483E+00 -9.998770E+00 -1.710323E+02 -1.328640E+02 -2.865000E+02
        80 -7.296079E+00  1.784980E+00 -7.295627E+00  1.777279E+00 -1.005620E+01 -1.510513E+02 -1.304249E+02 -2.878000E+02
        81 -7.371116E+00  1.819460E+00 -7.370640E+00  1.811758E+00 -1.011375E+01 -1.655385E+02 -1.318941E+02 -2.824000E+02
        82 -7.609400E+00  1.826970E+00 -7.608939E+00  1.819268E+00 -1.017036E+01 -1.525591E+02 -1.292157E+02 -2.730000E+02
        83 -9.218702E+00  1.830431E+00 -9.218174E+00  1.822682E+00 -1.022765E+01 -8.759024E+01 -1.018504E+02 -2.615000E+02
        84 -9.193327E+00  1.856025E+00 -9.192762E+00  1.848062E+00 -1.028672E+01 -1.378929E+02 -1.030073E+02 -2.505000E+02
        85 -9.166907E+00  1.877799E+00 -9.166340E+00  1.869782E+00 -1.034745E+01 -1.515850E+02 -1.100056E+02 -2.388000E+02
        86 -9.192628E+00  1.878687E+00 -9.192065E+00  1.870669E+00 -1.041262E+01 -1.553428E+02 -1.140728E+02 -2.253000E+02
        87 -9.154239E+00  1.911048E+00 -9.153672E+00  1.902986E+00 -1.048646E+01 -1.679259E+02 -1.184873E+02 -2.126000E+02
        88 -9.117837E+00  1.936646E+00 -9.117268E+00  1.928552E+00 -1.057189E+01 -1.746390E+02 -1.212612E+02 -2.005000E+02
        89 -9.073212E+00  1.971006E+00 -9.072641E+00  1.962871E+00 -1.066585E+01 -1.817877E+02 -1.244197E+02 -1.898000E+02
        90 -9.048029E+00  1.975341E+00 -9.047460E+00  1.967202E+00 -1.076693E+01 -1.826899E+02 -1.263794E+02 -1.830000E+02
        91 -9.010289E+00  1.994953E+00 -9.009719E+00  1.986793E+00 -1.087560E+01 -1.878198E+02 -1.283215E+02 -1.785000E+02
        92 -8.989930E+00  1.997448E+00 -8.989361E+00  1.989285E+00 -1.098347E+01 -1.879153E+02 -1.295257E+02 -1.749000E+02
        93 -8.954952E+00  1.997448E+00 -8.954382E+00  1.989285E+00 -1.108893E+01 -1.912891E+02  0.000000E+00 -1.715000E+02
        94 -8.906275E+00  1.997448E+00 -8.905703E+00  1.989285E+00 -1.119130E+01 -1.954796E+02  0.000000E+00 -1.682000E+02
        95 -8.819813E+00  1.997448E+00 -8.819240E+00  1.989285E+00 -1.128818E+01 -2.039056E+02  0.000000E+00 -1.647000E+02
        96 -8.764404E+00  1.997448E+00 -8.763833E+00  1.989285E+00 -1.137990E+01 -2.040091E+02  0.000000E+00 -1.610000E+02
        97 -8.727335E+00  1.997448E+00 -8.726768E+00  1.989285E+00 -1.146717E+01 -2.034614E+02  0.000000E+00 -1.570000E+02
        98 -8.689641E+00  1.997448E+00 -8.689073E+00  1.989285E+00 -1.154851E+01 -2.048530E+02  0.000000E+00 -1.529000E+02
        99 -8.678717E+00  1.997448E+00 -8.678153E+00  1.989285E+00 -1.162611E+01 -2.022640E+02  0.000000E+00 -1.492000E+02
       100 -8.619567E+00  1.997448E+00 -8.618993E+00  1.989285E+00 -1.169930E+01 -2.100644E+02  0.000000E+00 -1.458000E+02
       101 -8.605875E+00  1.997448E+00 -8.605308E+00  1.989285E+00 -1.176898E+01 -2.060066E+02  0.000000E+00 -1.427000E+02
       102 -8.629717E+00  1.997448E+00 -8.629154E+00  1.989285E+00 -1.183472E+01 -2.003831E+02  0.000000E+00 -1.400000E+02
       103 -8.628358E+00  1.997448E+00 -8.627785E+00  1.989285E+00 -1.189747E+01 -2.029121E+02  0.000000E+00 -1.375000E+02
       104 -8.640679E+00  1.997448E+00 -8.640106E+00  1.989285E+00 -1.195633E+01 -2.010638E+02  0.000000E+00 -1.354000E+02
       105 -8.620223E+00  1.997448E+00 -8.619655E+00  1.989285E+00 -1.201137E+01 -2.056515E+02  0.000000E+00 -1.334000E+02
       106 -8.586327E+00  1.997448E+00 -8.585756E+00  1.989285E+00 -1.206243E+01 -2.098271E+02  0.000000E+00 -1.316000E+02
       107 -8.561051E+00  1.997448E+00 -8.560481E+00  1.989285E+00 -1.211179E+01 -2.108944E+02  0.000000E+00 -1.300000E+02
       108 -8.557477E+00  1.997448E+00 -8.556912E+00  1.989285E+00 -1.215853E+01 -2.087012E+02  0.000000E+00 -1.285000E+02
       109 -8.526377E+00  1.997448E+00 -8.525806E+00  1.989285E+00 -1.220433E+01 -2.133196E+02  0.000000E+00 -1.271000E+02
       110 -8.502011E+00  1.997448E+00 -8.501442E+00  1.989285E+00 -1.224848E+01 -2.144077E+02  0.000000E+00 -1.258000E+02
       111 -8.484871E+00  1.997448E+00 -8.484303E+00  1.989285E+00 -1.229079E+01 -2.145009E+02  0.000000E+00 -1.246000E+02
       112 -8.520211E+00  1.997448E+00 -8.519655E+00  1.989285E+00 -1.233155E+01 -2.063756E+02  0.000000E+00 -1.235000E+02
       113 -8.498279E+00  1.997448E+00 -8.497719E+00  1.989285E+00 -1.237135E+01 -2.122398E+02  0.000000E+00 -1.224000E+02
       114 -8.472006E+00  1.997448E+00 -8.471429E+00  1.989285E+00 -1.240941E+01 -2.161902E+02  0.000000E+00 -1.214000E+02
       115 -8.452830E+00  1.997448E+00 -8.452255E+00  1.989285E+00 -1.244661E+01 -2.171089E+02  0.000000E+00 -1.205000E+02
       116 -9.039045E+00  1.997448E+00 -9.038511E+00  1.989285E+00 -1.248233E+01 -1.465152E+02  0.000000E+00 -1.196000E+02
       117 -9.017734E+00  1.997448E+00 -9.017196E+00  1.989285E+00 -1.251669E+01 -1.869420E+02  0.000000E+00 -1.188000E+02
       118 -8.995841E+00  1.997448E+00 -8.995292E+00  1.989285E+00 -1.254985E+01 -1.963100E+02  0.000000E+00 -1.180000E+02
       119 -8.973562E+00  1.997448E+00 -8.973015E+00  1.989285E+00 -1.258120E+01 -2.016370E+02  0.000000E+00 -1.174000E+02
       120 -8.935752E+00  1.997448E+00 -8.935210E+00  1.989285E+00 -1.261277E+01 -2.077264E+02  0.000000E+00 -1.167000E+02
       121 -8.887467E+00  1.997448E+00 -8.886922E+00  1.989285E+00 -1.264383E+01 -2.133926E+02  0.000000E+00 -1.161000E+02
       122 -8.856396E+00  1.997448E+00 -8.855854E+00  1.989285E+00 -1.267611E+01 -2.146130E+02  0.000000E+00 -1.155000E+02
       123 -8.816229E+00  1.997448E+00 -8.815683E+00  1.989285E+00 -1.270835E+01 -2.184039E+02  0.000000E+00 -1.149000E+02
       124 -8.778215E+00  1.997448E+00 -8.777670E+00  1.989285E+00 -1.274027E+01 -2.205816E+02  0.000000E+00 -1.143000E+02
       125 -8.772602E+00  1.997448E+00 -8.772062E+00  1.989285E+00 -1.277267E+01 -2.172667E+02  0.000000E+00 -1.138000E+02
       126 -8.762668E+00  1.997448E+00 -8.762119E+00  1.989285E+00 -1.280509E+01 -2.178820E+02  0.000000E+00 -1.133000E+02
       127 -8.786697E+00  1.997448E+00 -8.786172E+00  1.989285E+00 -1.283742E+01 -2.126387E+02  0.000000E+00 -1.129000E+02
       128 -8.784244E+00  1.997448E+00 -8.783727E+00  1.989285E+00 -1.286899E+01 -2.153989E+02  0.000000E+00 -1.125000E+02
       129 -8.818578E+00  1.997448E+00 -8.818064E+00  1.989285E+00 -1.289983E+01 -2.102050E+02  0.000000E+00 -1.121000E+02
       130 -8.929308E+00  1.997448E+00 -8.928812E+00  1.989285E+00 -1.293004E+01 -1.967221E+02  0.000000E+00 -1.119000E+02
       131 -8.930328E+00  1.997448E+00 -8.929848E+00  1.989285E+00 -1.295939E+01 -2.077382E+02  0.000000E+00 -1.117000E+02
       132 -9.064541E+00  1.997448E+00 -9.064041E+00  1.989285E+00 -1.298807E+01 -1.912600E+02  0.000000E+00 -1.115000E+02
       133 -9.196322E+00  1.997448E+00 -9.195783E+00  1.989285E+00 -1.301636E+01 -1.870342E+02  0.000000E+00 -1.113000E+02
       134 -9.780501E+00  1.997448E+00 -9.779975E+00  1.989285E+00 -1.304405E+01 -1.412953E+02  0.000000E+00 -1.111000E+02
       135 -9.750161E+00  1.997448E+00 -9.749617E+00  1.989285E+00 -1.307097E+01 -1.810627E+02  0.000000E+00 -1.108000E+02
       136 -9.752392E+00  1.997448E+00 -9.751823E+00  1.989285E+00 -1.309800E+01 -1.876289E+02  0.000000E+00 -1.106000E+02
       137 -9.812442E+00  1.997448E+00 -9.811860E+00  1.989285E+00 -1.312536E+01 -1.842614E+02  0.000000E+00 -1.105000E+02
       138 -9.785802E+00  1.997448E+00 -9.785207E+00  1.989285E+00 -1.315348E+01 -1.967140E+02  0.000000E+00 -1.103000E+02
       139 -9.758439E+00  1.997448E+00 -9.757849E+00  1.989285E+00 -1.318333E+01 -2.015287E+02  0.000000E+00 -1.102000E+02
       140 -9.990546E+00  1.997448E+00 -9.989930E+00  1.989285E+00 -1.321445E+01 -1.728641E+02  0.000000E+00 -1.099000E+02
       141 -1.078471E+01  1.997448E+00 -1.078410E+01  1.989285E+00 -1.324320E+01 -1.234721E+02  0.000000E+00 -1.082000E+02
       142 -1.140129E+01  1.997448E+00 -1.140066E+01  1.989285E+00 -1.326486E+01 -1.214039E+02  0.000000E+00 -1.041000E+02
       143 -1.158772E+01  1.997448E+00 -1.158710E+01  1.989285E+00 -1.327745E+01 -1.404581E+02  0.000000E+00 -9.860000E+01
       144 -1.348622E+01  1.997448E+00 -1.348552E+01  1.989285E+00 -1.328154E+01 -7.822690E+01  0.000000E+00 -9.260000E+01
       145 -1.391570E+01  1.997448E+00 -1.391500E+01  1.989285E+00 -1.328424E+01 -1.061524E+02  0.000000E+00 -8.710000E+01
       146 -1.401961E+01  1.997448E+00 -1.401888E+01  1.989285E+00 -1.329094E+01 -1.258225E+02  0.000000E+00 -8.180000E+01
       147 -1.415742E+01  1.997448E+00 -1.415669E+01  1.989285E+00 -1.332023E+01 -1.310706E+02  0.000000E+00 -7.660000E+01
       148 -1.413601E+01  1.997448E+00 -1.413526E+01  1.989285E+00 -1.338953E+01 -1.467075E+02  0.000000E+00 -7.160000E+01
       149 -1.412097E+01  1.997448E+00 -1.412022E+01  1.989285E+00 -1.349177E+01 -1.532474E+02  0.000000E+00 -6.670000E+01
       150 -1.419850E+01  1.997448E+00 -1.419775E+01  1.989285E+00 -1.360819E+01 -1.513128E+02  0.000000E+00 -6.200000E+01
       151 -1.439478E+01  1.997448E+00 -1.439403E+01  1.989285E+00 -1.373172E+01 -1.427152E+02  0.000000E+00 -5.880000E+01
       152 -1.441817E+01  1.997448E+00 -1.441741E+01  1.989285E+00 -1.387137E+01 -1.542192E+02  0.000000E+00 -5.820000E+01
       153 -1.449614E+01  1.997448E+00 -1.449538E+01  1.989285E+00 -1.402086E+01 -1.522869E+02  0.000000E+00 -5.910000E+01
       154 -1.445175E+01  1.997448E+00 -1.445097E+01  1.989285E+00 -1.417537E+01 -1.646709E+02  0.000000E+00 -6.050000E+01
       155 -1.487087E+01  1.997448E+00 -1.487009E+01  1.989285E+00 -1.432354E+01 -1.318549E+02  0.000000E+00 -6.100000E+01
       156 -1.486636E+01  1.997448E+00 -1.486555E+01  1.989285E+00 -1.446532E+01 -1.546728E+02  0.000000E+00 -6.110000E+01
       157 -1.479865E+01  1.997448E+00 -1.479784E+01  1.989285E+00 -1.459975E+01 -1.664243E+02  0.000000E+00 -6.080000E+01
       158 -1.535735E+01  1.997448E+00 -1.535658E+01  1.989285E+00 -1.472226E+01 -1.243240E+02  0.000000E+00 -5.940000E+01
       159 -1.534852E+01  1.997448E+00 -1.534774E+01  1.989285E+00 -1.483059E+01 -1.519625E+02  0.000000E+00 -5.710000E+01
       160 -1.537569E+01  1.997448E+00 -1.537492E+01  1.989285E+00 -1.493072E+01 -1.552739E+02  0.000000E+00 -5.470000E+01
       161 -1.629680E+01  1.997448E+00 -1.629600E+01  1.989285E+00 -1.502965E+01 -1.055570E+02  0.000000E+00 -5.270000E+01
       162 -1.717126E+01  1.997448E+00 -1.717045E+01  1.989285E+00 -1.513368E+01 -9.801258E+01  0.000000E+00 -5.140000E+01
       163 -1.782130E+01  1.997448E+00 -1.782047E+01  1.989285E+00 -1.524637E+01 -1.011211E+02  0.000000E+00 -5.030000E+01
       164 -1.805048E+01  1.997448E+00 -1.804965E+01  1.989285E+00 -1.539777E+01 -1.170716E+02  0.000000E+00 -4.960000E+01
       165 -1.848095E+01  1.997448E+00 -1.848013E+01  1.989285E+00 -1.561048E+01 -1.117037E+02  0.000000E+00 -4.960000E+01
       166 -1.843598E+01  1.997448E+00 -1.843511E+01  1.989285E+00 -1.587181E+01 -1.366272E+02  0.000000E+00 -5.020000E+01
       167 -1.845740E+01  1.997448E+00 -1.845653E+01  1.989285E+00 -1.616451E+01 -1.407404E+02  0.000000E+00 -5.120000E+01
       168 -1.865207E+01  1.997448E+00 -1.865121E+01  1.989285E+00 -1.646936E+01 -1.333659E+02  0.000000E+00 -5.330000E+01
       169 -1.855719E+01  1.997448E+00 -1.855628E+01  1.989285E+00 -1.677256E+01 -1.538944E+02  0.000000E+00 -5.630000E+01
       170 -1.852891E+01  1.997448E+00 -1.852800E+01  1.989285E+00 -1.706564E+01 -1.563275E+02  0.000000E+00 -5.960000E+01
       171 -1.851081E+01  1.997448E+00 -1.850991E+01  1.989285E+00 -1.733962E+01 -1.586036E+02  0.000000E+00 -6.230000E+01
       172 -1.850557E+01  1.997448E+00 -1.850466E+01  1.989285E+00 -1.758962E+01 -1.602473E+02  0.000000E+00 -6.430000E+01
       173 -1.892554E+01  1.997448E+00 -1.892461E+01  1.989285E+00 -1.781785E+01 -1.304939E+02  0.000000E+00 -6.590000E+01
       174 -1.890836E+01  1.997448E+00 -1.890740E+01  1.989285E+00 -1.802718E+01 -1.528867E+02  0.000000E+00 -6.730000E+01
       175 -1.891365E+01  1.997448E+00 -1.891269E+01  1.989285E+00 -1.822489E+01 -1.566074E+02  0.000000E+00 -6.830000E+01
       176 -1.890597E+01  1.997448E+00 -1.890502E+01  1.989285E+00 -1.841417E+01 -1.609732E+02  0.000000E+00 -6.900000E+01
       177 -1.889082E+01  1.997448E+00 -1.888986E+01  1.989285E+00 -1.859614E+01 -1.647394E+02  0.000000E+00 -6.950000E+01
       178 -1.890224E+01  1.997448E+00 -1.890129E+01  1.989285E+00 -1.876625E+01 -1.648571E+02  0.000000E+00 -6.980000E+01
       179 -1.926547E+01  1.997448E+00 -1.926459E+01  1.989285E+00 -1.892451E+01 -1.372040E+02  0.000000E+00 -6.980000E+01
       180 -1.927087E+01  1.997448E+00 -1.926997E+01  1.989285E+00 -1.906979E+01 -1.571182E+02  0.000000E+00 -6.950000E+01
       181 -1.968392E+01  1.997448E+00 -1.968306E+01  1.989285E+00 -1.920639E+01 -1.304041E+02  0.000000E+00 -6.900000E+01
       182 -2.078615E+01  1.997448E+00 -2.078522E+01  1.989285E+00 -1.933684E+01 -9.639576E+01  0.000000E+00 -6.820000E+01
       183 -2.121159E+01  1.997448E+00 -2.121064E+01  1.989285E+00 -1.946607E+01 -1.114126E+02  0.000000E+00 -6.740000E+01
       184 -2.120973E+01  1.997448E+00 -2.120878E+01  1.989285E+00 -1.960576E+01 -1.350920E+02  0.000000E+00 -6.650000E+01
       185 -2.156638E+01  1.997448E+00 -2.156544E+01  1.989285E+00 -1.977400E+01 -1.216623E+02  0.000000E+00 -6.580000E+01
       186 -2.150660E+01  1.997448E+00 -2.150567E+01  1.989285E+00 -1.996932E+01 -1.456408E+02  0.000000E+00 -6.510000E+01
       187 -2.157226E+01  1.997448E+00 -2.157134E+01  1.989285E+00 -2.017593E+01 -1.444432E+02  0.000000E+00 -6.440000E+01
       188 -2.154097E+01  1.997448E+00 -2.154005E+01  1.989285E+00 -2.038114E+01 -1.546323E+02  0.000000E+00 -6.330000E+01
       189 -2.152117E+01  1.997448E+00 -2.152025E+01  1.989285E+00 -2.057946E+01 -1.586351E+02  0.000000E+00 -6.190000E+01
       190 -2.149671E+01  1.997448E+00 -2.149579E+01  1.989285E+00 -2.076433E+01 -1.626623E+02  0.000000E+00 -6.050000E+01
       191 -2.158359E+01  1.997448E+00 -2.158268E+01  1.989285E+00 -2.092752E+01 -1.552197E+02  0.000000E+00 -5.860000E+01
       192 -2.143267E+01  1.997448E+00 -2.143173E+01  1.989285E+00 -2.107734E+01 -1.784355E+02  0.000000E+00 -5.720000E+01
       193 -2.155137E+01  1.997448E+00 -2.155042E+01  1.989285E+00 -2.122318E+01 -1.584220E+02  0.000000E+00 -5.690000E+01
       194 -2.150654E+01  1.997448E+00 -2.150557E+01  1.989285E+00 -2.136441E+01 -1.718453E+02  0.000000E+00 -5.700000E+01
       195 -2.147875E+01  1.997448E+00 -2.147778E+01  1.989285E+00 -2.149738E+01 -1.732287E+02  0.000000E+00 -5.730000E+01
       196 -2.143878E+01  1.997448E+00 -2.143780E+01  1.989285E+00 -2.162266E+01 -1.780182E+02  0.000000E+00 -5.780000E+01
       197 -2.142290E+01  1.997448E+00 -2.142190E+01  1.989285E+00 -2.174387E+01 -1.775350E+02  0.000000E+00 -5.850000E+01
       198 -2.136405E+01  1.997448E+00 -2.136305E+01  1.989285E+00 -2.186449E+01 -1.837493E+02  0.000000E+00 -5.970000E+01
       199 -2.131219E+01  1.997448E+00 -2.131120E+01  1.989285E+00 -2.197794E+01 -1.860159E+02  0.000000E+00 -6.120000E+01
       200 -2.126073E+01  1.997448E+00 -2.125973E+01  1.989285E+00 -2.208919E+01 -1.883691E+02  0.000000E+00 -6.290000E+01
       201 -2.117890E+01  1.997448E+00 -2.117791E+01  1.989285E+00 -2.220254E+01 -1.946813E+02  0.000000E+00 -6.530000E+01
       202 -2.114476E+01  1.997448E+00 -2.114377E+01  1.989285E+00 -2.231340E+01 -1.917877E+02  0.000000E+00 -6.750000E+01
       203 -2.102032E+01  1.997448E+00 -2.101930E+01  1.989285E+00 -2.241168E+01 -2.067371E+02  0.000000E+00 -6.870000E+01
       204 -2.098261E+01  1.997448E+00 -2.098156E+01  1.989285E+00 -2.250083E+01 -1.990151E+02  0.000000E+00 -6.940000E+01
       205 -2.084738E+01  1.997448E+00 -2.084631E+01  1.989285E+00 -2.258225E+01 -2.159786E+02  0.000000E+00 -6.980000E+01
       206 -2.082190E+01  1.997448E+00 -2.082084E+01  1.989285E+00 -2.265619E+01 -2.035837E+02  0.000000E+00 -7.000000E+01
       207 -2.087841E+01  1.997448E+00 -2.087732E+01  1.989285E+00 -2.272395E+01 -1.914684E+02  0.000000E+00 -7.000000E+01
       208 -2.081560E+01  1.997448E+00 -2.081450E+01  1.989285E+00 -2.278618E+01 -2.044121E+02  0.000000E+00 -7.000000E+01
       209 -2.078123E+01  1.997448E+00 -2.078012E+01  1.989285E+00 -2.284370E+01 -2.030263E+02  0.000000E+00 -7.000000E+01
       210 -2.069449E+01  1.997448E+00 -2.069337E+01  1.989285E+00 -2.289708E+01 -2.124236E+02  0.000000E+00 -7.010000E+01
       211 -2.062650E+01  1.997448E+00 -2.062536E+01  1.989285E+00 -2.294621E+01 -2.135762E+02  0.000000E+00 -7.010000E+01
       212 -2.062807E+01  1.997448E+00 -2.062694E+01  1.989285E+00 -2.299173E+01 -2.056555E+02  0.000000E+00 -7.010000E+01
       213 -2.078002E+01  1.997448E+00 -2.077890E+01  1.989285E+00 -2.303319E+01 -1.823159E+02  0.000000E+00 -7.010000E+01
       214 -2.096355E+01  1.997448E+00 -2.096242E+01  1.989285E+00 -2.307219E+01 -1.718792E+02  0.000000E+00 -7.010000E+01
       215 -2.133371E+01  1.997448E+00 -2.133262E+01  1.989285E+00 -2.310850E+01 -1.504099E+02  0.000000E+00 -7.010000E+01
       216 -2.148932E+01  1.997448E+00 -2.148821E+01  1.989285E+00 -2.314280E+01 -1.596147E+02  0.000000E+00 -7.010000E+01
       217 -2.153868E+01  1.997448E+00 -2.153755E+01  1.989285E+00 -2.317595E+01 -1.699212E+02  0.000000E+00 -7.010000E+01
       218 -2.155236E+01  1.997448E+00 -2.155124E+01  1.989285E+00 -2.320949E+01 -1.758517E+02  0.000000E+00 -7.010000E+01
       219 -2.137722E+01  1.997448E+00 -2.137608E+01  1.989285E+00 -2.324504E+01 -2.045308E+02  0.000000E+00 -7.010000E+01
       220 -2.110604E+01  1.997448E+00 -2.110487E+01  1.989285E+00 -2.328301E+01 -2.374965E+02  0.000000E+00 -7.010000E+01
       221 -2.102747E+01  1.997448E+00 -2.102632E+01  1.989285E+00 -2.332353E+01 -2.181124E+02  0.000000E+00 -7.010000E+01
       222 -2.102639E+01  1.997448E+00 -2.102521E+01  1.989285E+00 -2.336563E+01 -2.080146E+02  0.000000E+00 -7.010000E+01
       223 -2.096818E+01  1.997448E+00 -2.096700E+01  1.989285E+00 -2.340665E+01 -2.135500E+02  0.000000E+00 -7.010000E+01
       224 -2.095230E+01  1.997448E+00 -2.095112E+01  1.989285E+00 -2.344609E+01 -2.092790E+02  0.000000E+00 -7.010000E+01
       225 -2.085593E+01  1.997448E+00 -2.085475E+01  1.989285E+00 -2.348327E+01 -2.217850E+02  0.000000E+00 -7.010000E+01
       226 -2.084352E+01  1.997448E+00 -2.084235E+01  1.989285E+00 -2.351805E+01 -2.119764E+02  0.000000E+00 -7.010000E+01
       227 -2.081781E+01  1.997448E+00 -2.081667E+01  1.989285E+00 -2.355068E+01 -2.126595E+02  0.000000E+00 -7.010000E+01
       228 -2.075474E+01  1.997448E+00 -2.075358E+01  1.989285E+00 -2.358099E+01 -2.194156E+02  0.000000E+00 -7.010000E+01
       229 -2.052983E+01  1.997448E+00 -2.052865E+01  1.989285E+00 -2.360793E+01 -2.572374E+02  0.000000E+00 -7.010000E+01
       230 -2.025695E+01  1.997448E+00 -2.025576E+01  1.989285E+00 -2.363366E+01 -2.915469E+02  0.000000E+00 -7.010000E+01
       231 -2.004233E+01  1.997448E+00 -2.004115E+01  1.989285E+00 -2.365824E+01 -2.973689E+02  0.000000E+00 -7.010000E+01
       232 -1.985144E+01  1.997448E+00 -1.985026E+01  1.989285E+00 -2.368150E+01 -3.034763E+02  0.000000E+00 -7.010000E+01
       233 -2.046986E+01  1.997448E+00 -2.046867E+01  1.989285E+00 -2.370125E+01 -1.622077E+02  0.000000E+00 -7.010000E+01
       234 -2.029199E+01  1.997448E+00 -2.029078E+01  1.989285E+00 -2.371786E+01 -2.348435E+02  0.000000E+00 -7.010000E+01
       235 -2.010029E+01  1.997448E+00 -2.009906E+01  1.989285E+00 -2.373142E+01 -2.605977E+02  0.000000E+00 -7.010000E+01
       236 -1.997155E+01  1.997448E+00 -1.997032E+01  1.989285E+00 -2.374236E+01 -2.614573E+02  0.000000E+00 -7.010000E+01
       237 -1.974767E+01  1.997448E+00 -1.974642E+01  1.989285E+00 -2.375134E+01 -2.939368E+02  0.000000E+00 -7.010000E+01
       238 -1.973159E+01  1.997448E+00 -1.973040E+01  1.989285E+00 -2.375882E+01 -2.527020E+02  0.000000E+00 -7.010000E+01
       239 -1.963845E+01  1.997448E+00 -1.963726E+01  1.989285E+00 -2.376497E+01 -2.639667E+02  0.000000E+00 -7.010000E+01
       240 -1.950817E+01  1.997448E+00 -1.950697E+01  1.989285E+00 -2.376935E+01 -2.782432E+02  0.000000E+00 -7.010000E+01
       241 -1.993770E+01  1.997448E+00 -1.993652E+01  1.989285E+00 -2.377167E+01 -1.804561E+02  0.000000E+00 -7.010000E+01
       242 -2.076864E+01  1.997448E+00 -2.076752E+01  1.989285E+00 -2.377258E+01 -1.308253E+02  0.000000E+00 -7.010000E+01
       243 -2.165413E+01  1.997448E+00 -2.165292E+01  1.989285E+00 -2.377214E+01 -1.151303E+02  0.000000E+00 -7.010000E+01
       244 -2.203522E+01  1.997448E+00 -2.203399E+01  1.989285E+00 -2.377051E+01 -1.299603E+02  0.000000E+00 -7.010000E+01
       245 -2.211417E+01  1.997448E+00 -2.211294E+01  1.989285E+00 -2.376886E+01 -1.504849E+02  0.000000E+00 -7.010000E+01
       246 -2.189693E+01  1.997448E+00 -2.189568E+01  1.989285E+00 -2.377018E+01 -1.884828E+02  0.000000E+00 -7.010000E+01
       247 -2.170592E+01  1.997448E+00 -2.170468E+01  1.989285E+00 -2.377846E+01 -2.051871E+02  0.000000E+00 -7.010000E+01
       248 -2.149196E+01  1.997448E+00 -2.149072E+01  1.989285E+00 -2.379554E+01 -2.249779E+02  0.000000E+00 -7.010000E+01
       249 -2.136332E+01  1.997448E+00 -2.136207E+01  1.989285E+00 -2.382020E+01 -2.238526E+02  0.000000E+00 -7.010000E+01
       250 -2.119769E+01  1.997448E+00 -2.119645E+01  1.989285E+00 -2.385061E+01 -2.374159E+02  0.000000E+00 -7.010000E+01
       251 -2.111403E+01  1.997448E+00 -2.111283E+01  1.989285E+00 -2.388408E+01 -2.282915E+02  0.000000E+00 -7.020000E+01
       252 -2.095001E+01  1.997448E+00 -2.094879E+01  1.989285E+00 -2.391742E+01 -2.483078E+02  0.000000E+00 -7.020000E+01
       253 -2.068371E+01  1.997448E+00 -2.068247E+01  1.989285E+00 -2.394948E+01 -2.868078E+02  0.000000E+00 -7.020000E+01
       254 -2.048710E+01  1.997448E+00 -2.048587E+01  1.989285E+00 -2.397920E+01 -2.879886E+02  0.000000E+00 -7.020000E+01
       255 -2.017835E+01  1.997448E+00 -2.017711E+01  1.989285E+00 -2.400757E+01 -3.423967E+02  0.000000E+00 -7.040000E+01
       256 -1.991539E+01  1.997448E+00 -1.991418E+01  1.989285E+00 -2.403239E+01 -3.567469E+02  0.000000E+00 -7.060000E+01
       257 -1.971633E+01  1.997448E+00 -1.971514E+01  1.989285E+00 -2.405470E+01 -3.443472E+02  0.000000E+00 -7.090000E+01
       258 -1.932624E+01  1.997448E+00 -1.932504E+01  1.989285E+00 -2.407532E+01 -4.817765E+02  0.000000E+00 -7.130000E+01
       259 -1.903755E+01  1.997448E+00 -1.903636E+01  1.989285E+00 -2.409251E+01 -4.824686E+02  0.000000E+00 -7.170000E+01
       260 -1.883345E+01  1.997448E+00 -1.883225E+01  1.989285E+00 -2.410805E+01 -4.520565E+02  0.000000E+00 -7.220000E+01
       261 -1.865111E+01  1.997448E+00 -1.864991E+01  1.989285E+00 -2.412164E+01 -4.390311E+02  0.000000E+00 -7.280000E+01
       262 -1.839942E+01  1.997448E+00 -1.839821E+01  1.989285E+00 -2.413266E+01 -4.981884E+02  0.000000E+00 -7.350000E+01
       263 -1.807740E+01  1.997448E+00 -1.807619E+01  1.989285E+00 -2.414248E+01 -6.280990E+02  0.000000E+00 -7.440000E+01
       264 -1.765619E+01  1.997448E+00 -1.765497E+01  1.989285E+00 -2.415177E+01 -1.103819E+03  0.000000E+00 -7.550000E+01
       265 -1.744236E+01  1.997448E+00 -1.744119E+01  1.989285E+00 -2.416056E+01 -7.586540E+02  0.000000E+00 -7.660000E+01
       266 -1.704568E+01  1.997448E+00 -1.704452E+01  1.989285E+00 -2.416791E+01 -1.767452E+03  0.000000E+00 -7.770000E+01
       267 -1.674360E+01  1.997448E+00 -1.674249E+01  1.989285E+00 -2.417459E+01 -1.781446E+03  0.000000E+00 -7.890000E+01
       268 -1.646530E+01  1.997448E+00 -1.646421E+01  1.989285E+00 -2.418015E+01 -2.009028E+03  0.000000E+00 -8.030000E+01
       269 -1.652801E+01  1.997448E+00 -1.652699E+01  1.989285E+00 -2.418619E+01 -5.669546E+02  0.000000E+00 -8.170000E+01
       270 -1.711181E+01  1.997448E+00 -1.711073E+01  1.989285E+00 -2.419158E+01 -2.442339E+02  0.000000E+00 -8.320000E+01
       271 -1.700562E+01  1.997448E+00 -1.700452E+01  1.989285E+00 -2.419675E+01 -3.670305E+02  0.000000E+00 -8.490000E+01
       272 -1.669890E+01  1.997448E+00 -1.669779E+01  1.989285E+00 -2.420201E+01 -5.593617E+02  0.000000E+00 -8.670000E+01
       273 -1.729557E+01  1.997448E+00 -1.729440E+01  1.989285E+00 -2.420782E+01 -2.142565E+02  0.000000E+00 -8.860000E+01
       274 -1.717376E+01  1.997448E+00 -1.717254E+01  1.989285E+00 -2.421399E+01 -3.198628E+02  0.000000E+00 -9.060000E+01
       275 -1.687375E+01  1.997448E+00 -1.687251E+01  1.989285E+00 -2.422029E+01 -4.580552E+02  0.000000E+00 -9.280000E+01
       276 -1.655756E+01  1.997448E+00 -1.655632E+01  1.989285E+00 -2.422795E+01 -5.968544E+02  0.000000E+00 -9.530000E+01
       277 -1.679926E+01  1.997448E+00 -1.679805E+01  1.989285E+00 -2.423764E+01 -2.937786E+02  0.000000E+00 -9.790000E+01
       278 -1.693700E+01  1.997448E+00 -1.693577E+01  1.989285E+00 -2.424691E+01 -2.788017E+02  0.000000E+00 -1.008000E+02
       279 -1.658267E+01  1.997448E+00 -1.658141E+01  1.989285E+00 -2.425773E+01 -4.953424E+02  0.000000E+00 -1.038000E+02
       280 -1.651395E+01  1.997448E+00 -1.651271E+01  1.989285E+00 -2.427080E+01 -3.937582E+02  0.000000E+00 -1.072000E+02
       281 -1.628421E+01  1.997448E+00 -1.628295E+01  1.989285E+00 -2.428623E+01 -5.056650E+02  0.000000E+00 -1.108000E+02
       282 -1.651002E+01  1.997448E+00 -1.650876E+01  1.989285E+00 -2.430334E+01 -2.931180E+02  0.000000E+00 -1.148000E+02
       283 -1.645833E+01  1.997448E+00 -1.645704E+01  1.989285E+00 -2.432030E+01 -3.441711E+02  0.000000E+00 -1.190000E+02
       284 -1.613045E+01  1.997448E+00 -1.612913E+01  1.989285E+00 -2.433856E+01 -5.557231E+02  0.000000E+00 -1.235000E+02
       285 -1.668389E+01  1.997448E+00 -1.668253E+01  1.989285E+00 -2.435840E+01 -2.194685E+02  0.000000E+00 -1.282000E+02
       286 -1.635475E+01  1.997448E+00 -1.635333E+01  1.989285E+00 -2.437896E+01 -4.302376E+02  0.000000E+00 -1.332000E+02
       287 -1.641208E+01  1.997448E+00 -1.641065E+01  1.989285E+00 -2.440048E+01 -3.158523E+02  0.000000E+00 -1.387000E+02
       288 -1.615555E+01  1.997448E+00 -1.615410E+01  1.989285E+00 -2.442272E+01 -4.588500E+02  0.000000E+00 -1.446000E+02
       289 -1.599169E+01  1.997448E+00 -1.599025E+01  1.989285E+00 -2.444653E+01 -4.628601E+02  0.000000E+00 -1.512000E+02
       290 -1.573919E+01  1.997448E+00 -1.573774E+01  1.989285E+00 -2.447234E+01 -5.909083E+02  0.000000E+00 -1.583000E+02
       291 -1.546962E+01  1.997448E+00 -1.546816E+01  1.989285E+00 -2.449813E+01 -7.353198E+02  0.000000E+00 -1.661000E+02
       292 -1.513278E+01  1.997448E+00 -1.513134E+01  1.989285E+00 -2.452550E+01 -1.217561E+03  0.000000E+00 -1.745000E+02
       293 -1.487064E+01  1.997448E+00 -1.486924E+01  1.989285E+00 -2.455250E+01 -1.316218E+03  0.000000E+00 -1.837000E+02
       294 -1.453000E+01  1.997448E+00 -1.452874E+01  1.989285E+00 -2.457950E+01 -5.059267E+03  0.000000E+00 -1.937000E+02
       295 -1.419821E+01  1.997448E+00 -1.423060E+01  1.989285E+00 -2.460716E+01 -1.000000E+05  0.000000E+00 -2.046000E+02
       296 -1.399673E+01  1.997448E+00 -1.402929E+01  1.989285E+00 -2.463484E+01 -6.875385E+03  0.000000E+00 -2.162000E+02
       297 -1.362329E+01  1.997448E+00 -1.379932E+01  1.989285E+00 -2.466209E+01 -1.000000E+05  0.000000E+00 -2.286000E+02
       298 -1.328408E+01  1.997448E+00 -1.360862E+01  1.989285E+00 -2.468949E+01 -1.000000E+05  0.000000E+00 -2.419000E+02
       299 -1.298509E+01  1.997448E+00 -1.343146E+01  1.989285E+00 -2.471633E+01 -1.000000E+05  0.000000E+00 -2.558000E+02
       300 -1.278044E+01  1.997448E+00 -1.326508E+01  1.989285E+00 -2.474212E+01 -1.000000E+05  0.000000E+00 -2.685000E+02
       301 -1.252677E+01  1.997448E+00 -1.310456E+01  1.989285E+00 -2.476623E+01 -1.000000E+05  0.000000E+00 -2.777000E+02
       302 -1.222841E+01  1.997448E+00 -1.295108E+01  1.989285E+00 -2.479012E+01 -1.000000E+05  0.000000E+00 -2.904000E+02
       303 -1.233830E+01  1.997448E+00 -1.306090E+01  1.989285E+00 -2.481301E+01 -9.294340E+02  0.000000E+00 -3.025000E+02
       304 -1.195444E+01  1.997448E+00 -1.275742E+01  1.989285E+00 -2.483508E+01 -1.000000E+05  0.000000E+00 -3.144000E+02
       305 -1.180820E+01  1.997448E+00 -1.261139E+01  1.989285E+00 -2.485652E+01 -1.025832E+04  0.000000E+00 -3.264000E+02
       306 -1.137900E+01  1.997448E+00 -1.244981E+01  1.989285E+00 -2.487716E+01 -1.000000E+05  0.000000E+00 -3.382000E+02
       307 -1.105262E+01  1.997448E+00 -1.231446E+01  1.989285E+00 -2.489700E+01 -1.000000E+05  0.000000E+00 -3.499000E+02
       308 -1.059696E+01  1.997448E+00 -1.218713E+01  1.989285E+00 -2.491592E+01 -1.000000E+05  0.000000E+00 -3.610000E+02
       309 -1.004589E+01  1.997448E+00 -1.206434E+01  1.989285E+00 -2.493370E+01 -1.000000E+05  0.000000E+00 -3.681000E+02
       310 -9.566941E+00  1.997448E+00 -1.194494E+01  1.989285E+00 -2.495136E+01 -1.000000E+05  0.000000E+00 -3.797000E+02
       311 -9.102117E+00  1.997448E+00 -1.182961E+01  1.989285E+00 -2.496891E+01 -1.000000E+05  0.000000E+00 -3.942000E+02
       312 -8.699331E+00  1.997448E+00 -1.171847E+01  1.989285E+00 -2.498572E+01 -1.000000E+05  0.000000E+00 -4.062000E+02
       313 -8.363904E+00  1.997448E+00 -1.161095E+01  1.989285E+00 -2.500195E+01 -1.000000E+05  0.000000E+00 -4.183000E+02
       314 -7.949931E+00  1.997448E+00 -1.150602E+01  1.989285E+00 -2.501719E+01 -1.000000E+05  0.000000E+00 -4.260000E+02
       315 -7.440551E+00  1.997448E+00 -1.140319E+01  1.989285E+00 -2.503207E+01 -1.000000E+05  0.000000E+00 -4.368000E+02
       316 -7.036229E+00  1.997448E+00 -1.130361E+01  1.989285E+00 -2.504643E+01 -1.000000E+05  0.000000E+00 -4.458000E+02
       317 -7.313734E+00  1.997448E+00 -1.158106E+01  1.989285E+00 -2.506048E+01 -7.121638E+02  0.000000E+00 -4.566000E+02
       318 -7.137133E+00  1.997448E+00 -1.140444E+01  1.989285E+00 -2.507402E+01 -2.325609E+03  0.000000E+00 -4.663000E+02
       319 -6.723335E+00  1.997448E+00 -1.117575E+01  1.989285E+00 -2.508700E+01 -1.000000E+05  0.000000E+00 -4.741000E+02
       320 -6.504202E+00  1.997448E+00 -1.104701E+01  1.989285E+00 -2.509961E+01 -1.000000E+05  0.000000E+00 -4.835000E+02
       321 -6.153412E+00  1.997448E+00 -1.093735E+01  1.989285E+00 -2.511188E+01 -1.000000E+05  0.000000E+00 -4.941000E+02
       322 -6.126624E+00  1.997448E+00 -1.091073E+01  1.989285E+00 -2.512329E+01 -2.942983E+03  0.000000E+00 -4.970000E+02
       323 -5.933103E+00  1.997448E+00 -1.076082E+01  1.989285E+00 -2.513393E+01 -1.000000E+05  0.000000E+00 -4.967000E+02
       324 -6.095635E+00  1.997448E+00 -1.092328E+01  1.989285E+00 -2.514479E+01 -9.905943E+02  0.000000E+00 -5.081000E+02
       325 -5.948783E+00  1.997448E+00 -1.077641E+01  1.989285E+00 -2.515538E+01 -3.084385E+03  0.000000E+00 -5.163000E+02
       326 -6.047269E+00  1.997448E+00 -1.087489E+01  1.989285E+00 -2.516531E+01 -9.604464E+02  0.000000E+00 -5.174000E+02
       327 -6.217150E+00  1.997448E+00 -1.104474E+01  1.989285E+00 -2.517479E+01 -6.521050E+02  0.000000E+00 -5.188000E+02
       328 -6.069755E+00  1.997448E+00 -1.089733E+01  1.989285E+00 -2.518378E+01 -1.361783E+03  0.000000E+00 -5.188000E+02
       329 -5.887371E+00  1.997448E+00 -1.071498E+01  1.989285E+00 -2.519296E+01 -2.826880E+03  0.000000E+00 -5.307000E+02
       330 -5.723205E+00  1.997448E+00 -1.055089E+01  1.989285E+00 -2.520189E+01 -5.974387E+03  0.000000E+00 -5.360000E+02
       331 -5.669144E+00  1.997448E+00 -1.049693E+01  1.989285E+00 -2.521063E+01 -2.251988E+03  0.000000E+00 -5.427000E+02
       332 -5.339997E+00  1.997448E+00 -1.030649E+01  1.989285E+00 -2.521951E+01 -1.000000E+05  0.000000E+00 -5.566000E+02
       333 -5.110373E+00  1.997448E+00 -1.019657E+01  1.989285E+00 -2.522871E+01 -1.000000E+05  0.000000E+00 -5.777000E+02
       334 -4.677273E+00  1.997448E+00 -1.009993E+01  1.989285E+00 -2.523779E+01 -1.000000E+05  0.000000E+00 -5.949000E+02
       335 -4.189502E+00  1.997448E+00 -1.001145E+01  1.989285E+00 -2.524691E+01 -1.000000E+05  0.000000E+00 -6.157000E+02
       336 -3.636692E+00  1.997448E+00 -9.928236E+00  1.989285E+00 -2.525645E+01 -1.000000E+05  0.000000E+00 -6.488000E+02
       337 -3.072704E+00  1.997448E+00 -9.849287E+00  1.989285E+00 -2.526612E+01 -1.000000E+05  0.000000E+00 -6.808000E+02
       338 -2.496685E+00  1.997448E+00 -9.773388E+00  1.989285E+00 -2.527574E+01 -1.000000E+05  0.000000E+00 -7.143000E+02
       339 -2.184167E+00  1.997448E+00 -9.700189E+00  1.989285E+00 -2.528500E+01 -1.000000E+05  0.000000E+00 -7.401000E+02
       340 -1.825523E+00  1.997448E+00 -9.629381E+00  1.989285E+00 -2.529409E+01 -1.000000E+05  0.000000E+00 -7.665000E+02
       341 -1.480716E+00  1.997448E+00 -9.560306E+00  1.989285E+00 -2.530295E+01 -1.000000E+05  0.000000E+00 -7.898000E+02
       342 -1.401629E+00  1.997448E+00 -9.493600E+00  1.989285E+00 -2.531157E+01 -1.000000E+05  0.000000E+00 -8.115000E+02
       343 -1.026663E+00  1.997448E+00 -9.428791E+00  1.989285E+00 -2.531988E+01 -1.000000E+05  0.000000E+00 -8.283000E+02
       344 -6.374750E-01  1.997448E+00 -9.365290E+00  1.989285E+00 -2.532786E+01 -1.000000E+05  0.000000E+00 -8.404000E+02
       345 -2.231921E-01  1.997448E+00 -9.302798E+00  1.989285E+00 -2.533550E+01 -1.000000E+05  0.000000E+00 -8.476000E+02
       346 -1.671941E-01  1.997448E+00 -9.246860E+00  1.989285E+00 -2.534277E+01 -3.424668E+04  0.000000E+00 -8.500000E+02
       347 -1.448739E+00  1.997448E+00 -1.052848E+01  1.989285E+00 -2.534962E+01 -2.329255E+02  0.000000E+00 -8.500000E+02
       348 -1.306717E+00  1.997448E+00 -1.038643E+01  1.989285E+00 -2.535623E+01 -6.403711E+02  0.000000E+00 -8.500000E+02
       349 -9.037724E-01  1.997448E+00 -9.983674E+00  1.989285E+00 -2.536262E+01 -3.057629E+04  0.000000E+00 -8.500000E+02
       350 -5.491840E-01  1.997448E+00 -9.753462E+00  1.989285E+00 -2.536880E+01 -1.000000E+05  0.000000E+00 -8.500000E+02
       351 -1.201926E-01  1.997448E+00 -9.604257E+00  1.989285E+00 -2.537480E+01 -1.000000E+05  0.000000E+00 -8.500000E+02
       352  2.828097E-01  1.997448E+00 -9.484064E+00  1.989285E+00 -2.538063E+01 -1.000000E+05  0.000000E+00 -8.500000E+02
       353 -1.920490E+00  1.997448E+00 -1.168745E+01  1.989285E+00 -2.538631E+01 -1.337018E+02  0.000000E+00 -8.500000E+02
       354 -1.573999E+00  1.997448E+00 -1.134092E+01  1.989285E+00 -2.539184E+01 -4.862298E+02  0.000000E+00 -8.500000E+02
       355 -2.030725E+00  1.997448E+00 -1.179764E+01  1.989285E+00 -2.539722E+01 -2.537333E+02  0.000000E+00 -8.500000E+02
       356 -1.617551E+00  1.997448E+00 -1.138446E+01  1.989285E+00 -2.540247E+01 -7.520671E+02  0.000000E+00 -8.500000E+02
       357 -1.176659E+00  1.997448E+00 -1.094377E+01  1.989285E+00 -2.540759E+01 -3.745423E+03  0.000000E+00 -8.500000E+02
       358 -7.670781E-01  1.997448E+00 -1.061348E+01  1.989285E+00 -2.541260E+01 -1.000000E+05  0.000000E+00 -8.500000E+02
       359 -3.886805E-01  1.997448E+00 -1.040297E+01  1.989285E+00 -2.541750E+01 -1.000000E+05  0.000000E+00 -8.500000E+02
       360 -1.774517E-01  1.997448E+00 -1.023403E+01  1.989285E+00 -2.542229E+01 -1.000000E+05  0.000000E+00 -8.500000E+02
       361 -1.519367E+00  1.997448E+00 -1.157598E+01  1.989285E+00 -2.542697E+01 -1.972075E+02  0.000000E+00 -8.500000E+02
       362 -1.293045E+00  1.997448E+00 -1.134961E+01  1.989285E+00 -2.543155E+01 -5.385717E+02  0.000000E+00 -8.500000E+02
       363 -1.397670E+00  1.997448E+00 -1.145427E+01  1.989285E+00 -2.543603E+01 -4.094501E+02  0.000000E+00 -8.500000E+02
       364 -1.286204E+00  1.997448E+00 -1.134276E+01  1.989285E+00 -2.544041E+01 -5.676048E+02  0.000000E+00 -8.500000E+02
       365 -1.013988E+00  1.997448E+00 -1.107055E+01  1.989285E+00 -2.544470E+01 -1.100679E+03  0.000000E+00 -8.500000E+02
       366 -5.955512E-01  1.997448E+00 -1.068435E+01  1.989285E+00 -2.544882E+01 -1.000000E+05  0.000000E+00 -8.456000E+02
       367 -8.613201E-02  1.997448E+00 -1.046565E+01  1.989285E+00 -2.545218E+01 -1.000000E+05  0.000000E+00 -8.010000E+02
       368  4.152748E-01  1.997448E+00 -1.029989E+01  1.989285E+00 -2.545443E+01 -1.000000E+05  0.000000E+00 -7.372000E+02
       369  9.935496E-01  1.997448E+00 -1.015902E+01  1.989285E+00 -2.545589E+01 -1.000000E+05  0.000000E+00 -6.858000E+02
       370  1.044332E+00  1.997448E+00 -1.010840E+01  1.989285E+00 -2.545665E+01 -2.850450E+03  0.000000E+00 -6.433000E+02
       371  1.510027E+00  1.997448E+00 -9.938622E+00  1.989285E+00 -2.545678E+01 -1.000000E+05  0.000000E+00 -6.073000E+02
       372  2.061301E+00  1.997448E+00 -9.827896E+00  1.989285E+00 -2.545593E+01 -1.000000E+05  0.000000E+00 -5.662000E+02
       373  2.440052E+00  1.997448E+00 -9.727546E+00  1.989285E+00 -2.545426E+01 -1.000000E+05  0.000000E+00 -5.305000E+02
       374  2.927024E+00  1.997448E+00 -9.633605E+00  1.989285E+00 -2.545175E+01 -1.000000E+05  0.000000E+00 -5.002000E+02
       375  3.386213E+00  1.997448E+00 -9.545847E+00  1.989285E+00 -2.544838E+01 -1.000000E+05  0.000000E+00 -4.717000E+02
       376  3.797835E+00  1.997448E+00 -9.462470E+00  1.989285E+00 -2.544292E+01 -1.000000E+05  0.000000E+00 -4.324000E+02
       377  4.096788E+00  1.997448E+00 -9.383082E+00  1.989285E+00 -2.544051E+01 -1.000000E+05  0.000000E+00 -4.441000E+02
       378  4.452892E+00  1.997448E+00 -9.306685E+00  1.989285E+00 -2.544139E+01 -1.000000E+05  0.000000E+00 -4.775000E+02
       379  4.998473E+00  1.997448E+00 -9.233462E+00  1.989285E+00 -2.544333E+01 -1.000000E+05  0.000000E+00 -5.027000E+02
       380  5.226962E+00  1.997448E+00 -9.162555E+00  1.989285E+00 -2.544488E+01 -1.000000E+05  0.000000E+00 -5.075000E+02
       381  5.575202E+00  1.997448E+00 -9.093983E+00  1.989285E+00 -2.544639E+01 -1.000000E+05  0.000000E+00 -5.123000E+02
       382  5.967697E+00  1.997448E+00 -9.027938E+00  1.989285E+00 -2.544855E+01 -1.000000E+05  0.000000E+00 -5.277000E+02
       383  6.459775E+00  1.997448E+00 -8.963521E+00  1.989285E+00 -2.544931E+01 -1.000000E+05  0.000000E+00 -5.106000E+02
       384  6.979168E+00  1.997448E+00 -8.900862E+00  1.989285E+00 -2.544905E+01 -1.000000E+05  0.000000E+00 -4.917000E+02
       385  7.450905E+00  1.997448E+00 -8.839675E+00  1.989285E+00 -2.544838E+01 -1.000000E+05  0.000000E+00 -4.789000E+02
       386  7.897074E+00  1.997448E+00 -8.780375E+00  1.989285E+00 -2.544876E+01 -1.000000E+05  0.000000E+00 -4.870000E+02
       387  8.348193E+00  1.997448E+00 -8.722341E+00  1.989285E+00 -2.544927E+01 -1.000000E+05  0.000000E+00 -4.886000E+02
       388  8.749550E+00  1.997448E+00 -8.665679E+00  1.989285E+00 -2.544996E+01 -1.000000E+05  0.000000E+00 -4.913000E+02
       389  8.931931E+00  1.997448E+00 -8.610315E+00  1.989285E+00 -2.545071E+01 -1.000000E+05  0.000000E+00 -4.929000E+02
       390  8.924036E+00  1.997448E+00 -8.618311E+00  1.989285E+00 -2.545164E+01 -3.756757E+03  0.000000E+00 -4.964000E+02
       391  9.302841E+00  1.997448E+00 -8.518622E+00  1.989285E+00 -2.545198E+01 -1.000000E+05  0.000000E+00 -4.888000E+02
       392  9.188227E+00  1.997448E+00 -8.633163E+00  1.989285E+00 -2.545209E+01 -1.546695E+03  0.000000E+00 -4.832000E+02
       393  8.557042E+00  1.997448E+00 -9.264316E+00  1.989285E+00 -2.545363E+01 -3.954013E+02  0.000000E+00 -5.020000E+02
       394  8.834832E+00  1.997448E+00 -8.986635E+00  1.989285E+00 -2.545377E+01 -2.428686E+03  0.000000E+00 -4.863000E+02
       395  8.872811E+00  1.997448E+00 -8.948695E+00  1.989285E+00 -2.545285E+01 -1.364172E+03  0.000000E+00 -4.680000E+02
       396  9.219005E+00  1.997448E+00 -8.703513E+00  1.989285E+00 -2.545108E+01 -1.000000E+05  0.000000E+00 -4.517000E+02
       397  9.497021E+00  1.997448E+00 -8.586149E+00  1.989285E+00 -2.544861E+01 -1.000000E+05  0.000000E+00 -4.366000E+02
       398  9.796408E+00  1.997448E+00 -8.495342E+00  1.989285E+00 -2.544553E+01 -1.000000E+05  0.000000E+00 -4.222000E+02
       399  9.889555E+00  1.997448E+00 -8.415862E+00  1.989285E+00 -2.544182E+01 -1.000000E+05  0.000000E+00 -4.078000E+02
       400  1.004996E+01  1.997448E+00 -8.344911E+00  1.989285E+00 -2.543898E+01 -1.000000E+05  0.000000E+00 -4.063000E+02
       401  9.939606E+00  1.997448E+00 -8.455207E+00  1.989285E+00 -2.543734E+01 -1.489808E+03  0.000000E+00 -4.121000E+02
       402  8.634271E+00  1.997448E+00 -9.760593E+00  1.989285E+00 -2.543583E+01 -2.170479E+02  0.000000E+00 -4.126000E+02
       403  8.897855E+00  1.997448E+00 -9.496984E+00  1.989285E+00 -2.543402E+01 -7.871723E+02  0.000000E+00 -4.088000E+02
       404  9.149014E+00  1.997448E+00 -9.245875E+00  1.989285E+00 -2.543331E+01 -1.598810E+03  0.000000E+00 -4.164000E+02
       405  9.265775E+00  1.997448E+00 -9.129164E+00  1.989285E+00 -2.543355E+01 -1.446182E+03  0.000000E+00 -4.274000E+02
       406  9.401680E+00  1.997448E+00 -8.993258E+00  1.989285E+00 -2.543420E+01 -2.038855E+03  0.000000E+00 -4.362000E+02
       407  8.767291E+00  1.997448E+00 -9.627571E+00  1.989285E+00 -2.543513E+01 -3.380471E+02  0.000000E+00 -4.438000E+02
       408  8.869270E+00  1.997448E+00 -9.525544E+00  1.989285E+00 -2.543625E+01 -6.926780E+02  0.000000E+00 -4.506000E+02
       409  9.081180E+00  1.997448E+00 -9.313643E+00  1.989285E+00 -2.543747E+01 -1.347250E+03  0.000000E+00 -4.568000E+02
       410  9.165151E+00  1.997448E+00 -9.229686E+00  1.989285E+00 -2.543880E+01 -1.184312E+03  0.000000E+00 -4.622000E+02
       411  8.632518E+00  1.997448E+00 -9.762219E+00  1.989285E+00 -2.543755E+01 -3.473027E+02  0.000000E+00 -4.367000E+02
       412  8.775538E+00  1.997448E+00 -9.619174E+00  1.989285E+00 -2.543432E+01 -7.387177E+02  0.000000E+00 -4.109000E+02
       413  8.748855E+00  1.997448E+00 -9.645909E+00  1.989285E+00 -2.543094E+01 -6.171990E+02  0.000000E+00 -3.988000E+02
       414  9.014081E+00  1.997448E+00 -9.380692E+00  1.989285E+00 -2.542997E+01 -1.764166E+03  0.000000E+00 -4.110000E+02
       415  9.210336E+00  1.997448E+00 -9.184522E+00  1.989285E+00 -2.542961E+01 -2.817037E+03  0.000000E+00 -4.183000E+02
       416  8.301811E+00  1.997448E+00 -1.009306E+01  1.989285E+00 -2.542949E+01 -2.570533E+02  0.000000E+00 -4.228000E+02
       417  8.446818E+00  1.997448E+00 -9.948029E+00  1.989285E+00 -2.542944E+01 -5.910584E+02  0.000000E+00 -4.257000E+02
       418  8.516890E+00  1.997448E+00 -9.877977E+00  1.989285E+00 -2.542938E+01 -6.543195E+02  0.000000E+00 -4.274000E+02
       419  8.596814E+00  1.997448E+00 -9.798056E+00  1.989285E+00 -2.542929E+01 -7.470251E+02  0.000000E+00 -4.282000E+02
       420  8.786826E+00  1.997448E+00 -9.608045E+00  1.989285E+00 -2.542701E+01 -1.247088E+03  0.000000E+00 -4.073000E+02
       421  8.912327E+00  1.997448E+00 -9.482566E+00  1.989285E+00 -2.542609E+01 -1.324443E+03  0.000000E+00 -4.118000E+02
       422  9.103931E+00  1.997448E+00 -9.290976E+00  1.989285E+00 -2.542635E+01 -2.777217E+03  0.000000E+00 -4.206000E+02
       423  9.275149E+00  1.997448E+00 -9.119835E+00  1.989285E+00 -2.542681E+01 -5.694759E+03  0.000000E+00 -4.272000E+02
       424  9.457773E+00  1.997448E+00 -8.952454E+00  1.989285E+00 -2.542739E+01 -1.000000E+05  0.000000E+00 -4.325000E+02
       425  9.629159E+00  1.997448E+00 -8.834912E+00  1.989285E+00 -2.542806E+01 -1.000000E+05  0.000000E+00 -4.368000E+02
       426  9.793800E+00  1.997448E+00 -8.734790E+00  1.989285E+00 -2.542861E+01 -1.000000E+05  0.000000E+00 -4.387000E+02
       427  9.989367E+00  1.997448E+00 -8.643479E+00  1.989285E+00 -2.542915E+01 -1.000000E+05  0.000000E+00 -4.407000E+02
       428  1.016103E+01  1.997448E+00 -8.560522E+00  1.989285E+00 -2.542852E+01 -1.000000E+05  0.000000E+00 -4.302000E+02
       429  1.035032E+01  1.997448E+00 -8.483529E+00  1.989285E+00 -2.542751E+01 -1.000000E+05  0.000000E+00 -4.236000E+02
       430  1.054419E+01  1.997448E+00 -8.411608E+00  1.989285E+00 -2.542850E+01 -1.000000E+05  0.000000E+00 -4.411000E+02
       431  1.061963E+01  1.997448E+00 -8.343184E+00  1.989285E+00 -2.543091E+01 -1.000000E+05  0.000000E+00 -4.642000E+02
       432  1.075086E+01  1.997448E+00 -8.278076E+00  1.989285E+00 -2.543309E+01 -1.000000E+05  0.000000E+00 -4.727000E+02
       433  1.089005E+01  1.997448E+00 -8.215222E+00  1.989285E+00 -2.543334E+01 -1.000000E+05  0.000000E+00 -4.559000E+02
       434  1.073148E+01  1.997448E+00 -8.373703E+00  1.989285E+00 -2.543272E+01 -1.237941E+03  0.000000E+00 -4.437000E+02
       435  1.086147E+01  1.997448E+00 -8.243792E+00  1.989285E+00 -2.543157E+01 -6.906604E+03  0.000000E+00 -4.338000E+02
       436  1.105688E+01  1.997448E+00 -8.126958E+00  1.989285E+00 -2.543020E+01 -1.000000E+05  0.000000E+00 -4.270000E+02
       437  1.123248E+01  1.997448E+00 -8.054820E+00  1.989285E+00 -2.542863E+01 -1.000000E+05  0.000000E+00 -4.207000E+02
       438  1.139616E+01  1.997448E+00 -7.991705E+00  1.989285E+00 -2.542811E+01 -1.000000E+05  0.000000E+00 -4.270000E+02
       439  1.139924E+01  1.997448E+00 -7.988743E+00  1.989285E+00 -2.542778E+01 -4.218115E+03  0.000000E+00 -4.296000E+02
       440  1.038501E+01  1.997448E+00 -9.002958E+00  1.989285E+00 -2.542736E+01 -2.868906E+02  0.000000E+00 -4.294000E+02
       441  9.515435E+00  1.997448E+00 -9.872515E+00  1.989285E+00 -2.542681E+01 -2.236449E+02  0.000000E+00 -4.282000E+02
       442  8.230443E+00  1.997448E+00 -1.115744E+01  1.989285E+00 -2.542627E+01 -1.494231E+02  0.000000E+00 -4.277000E+02
       443  7.590728E+00  1.997448E+00 -1.179717E+01  1.989285E+00 -2.542738E+01 -1.749594E+02  0.000000E+00 -4.450000E+02
       444  7.232610E+00  1.997448E+00 -1.215527E+01  1.989285E+00 -2.542914E+01 -2.003470E+02  0.000000E+00 -4.596000E+02
       445  7.105723E+00  1.997448E+00 -1.228214E+01  1.989285E+00 -2.543125E+01 -2.430363E+02  0.000000E+00 -4.724000E+02
       446  7.131665E+00  1.997448E+00 -1.225621E+01  1.989285E+00 -2.543368E+01 -2.986681E+02  0.000000E+00 -4.840000E+02
       447  7.155816E+00  1.997448E+00 -1.223206E+01  1.989285E+00 -2.543601E+01 -3.293805E+02  0.000000E+00 -4.880000E+02
       448  7.206518E+00  1.997448E+00 -1.218136E+01  1.989285E+00 -2.543565E+01 -3.656309E+02  0.000000E+00 -4.593000E+02
       449  7.346325E+00  1.997448E+00 -1.204153E+01  1.989285E+00 -2.543347E+01 -4.486230E+02  0.000000E+00 -4.327000E+02
       450  7.432733E+00  1.997448E+00 -1.195514E+01  1.989285E+00 -2.542974E+01 -4.663135E+02  0.000000E+00 -4.103000E+02
       451  7.528885E+00  1.997448E+00 -1.185898E+01  1.989285E+00 -2.542506E+01 -5.078091E+02  0.000000E+00 -3.903000E+02
       452  7.617672E+00  1.997448E+00 -1.177020E+01  1.989285E+00 -2.542048E+01 -5.369759E+02  0.000000E+00 -3.811000E+02
       453  7.709677E+00  1.997448E+00 -1.167819E+01  1.989285E+00 -2.541658E+01 -5.736514E+02  0.000000E+00 -3.775000E+02
       454  7.803780E+00  1.997448E+00 -1.158409E+01  1.989285E+00 -2.541274E+01 -6.126410E+02  0.000000E+00 -3.710000E+02
       455  7.869058E+00  1.997448E+00 -1.151883E+01  1.989285E+00 -2.540805E+01 -6.079791E+02  0.000000E+00 -3.631000E+02
       456  7.889999E+00  1.997448E+00 -1.149790E+01  1.989285E+00 -2.540272E+01 -5.686411E+02  0.000000E+00 -3.543000E+02
       457  7.965406E+00  1.997448E+00 -1.142249E+01  1.989285E+00 -2.539795E+01 -6.328332E+02  0.000000E+00 -3.519000E+02
       458  8.048772E+00  1.997448E+00 -1.133912E+01  1.989285E+00 -2.539822E+01 -6.799990E+02  0.000000E+00 -3.810000E+02
       459  8.039821E+00  1.997448E+00 -1.134810E+01  1.989285E+00 -2.540041E+01 -5.775220E+02  0.000000E+00 -4.067000E+02
       460  8.068649E+00  1.997448E+00 -1.131927E+01  1.989285E+00 -2.540250E+01 -5.997578E+02  0.000000E+00 -4.167000E+02
       461  8.068846E+00  1.997448E+00 -1.131908E+01  1.989285E+00 -2.540458E+01 -5.708730E+02  0.000000E+00 -4.256000E+02
       462  8.018368E+00  1.997448E+00 -1.136957E+01  1.989285E+00 -2.540650E+01 -5.110972E+02  0.000000E+00 -4.358000E+02
       463  7.930057E+00  1.997448E+00 -1.145791E+01  1.989285E+00 -2.540862E+01 -4.567106E+02  0.000000E+00 -4.465000E+02
       464  7.533427E+00  1.997448E+00 -1.185448E+01  1.989285E+00 -2.541090E+01 -2.983670E+02  0.000000E+00 -4.565000E+02
       465  7.440703E+00  1.997448E+00 -1.194717E+01  1.989285E+00 -2.541295E+01 -3.549548E+02  0.000000E+00 -4.620000E+02
       466  7.433766E+00  1.997448E+00 -1.195409E+01  1.989285E+00 -2.541416E+01 -3.995758E+02  0.000000E+00 -4.577000E+02
       467  7.268650E+00  1.997448E+00 -1.211928E+01  1.989285E+00 -2.541521E+01 -3.387015E+02  0.000000E+00 -4.581000E+02
       468  7.368654E+00  1.997448E+00 -1.201927E+01  1.989285E+00 -2.541630E+01 -4.592509E+02  0.000000E+00 -4.606000E+02
       469  7.491223E+00  1.997448E+00 -1.189669E+01  1.989285E+00 -2.541749E+01 -5.502906E+02  0.000000E+00 -4.647000E+02
       470  7.443835E+00  1.997448E+00 -1.194411E+01  1.989285E+00 -2.541905E+01 -4.488098E+02  0.000000E+00 -4.727000E+02
       471  7.579519E+00  1.997448E+00 -1.180839E+01  1.989285E+00 -2.541839E+01 -6.042586E+02  0.000000E+00 -4.489000E+02
       472  6.463894E+00  1.997448E+00 -1.292395E+01  1.989285E+00 -2.541608E+01 -1.737828E+02  0.000000E+00 -4.250000E+02
       473  6.032827E+00  1.997448E+00 -1.335500E+01  1.989285E+00 -2.541231E+01 -2.060864E+02  0.000000E+00 -4.034000E+02
       474  5.518549E+00  1.997448E+00 -1.386929E+01  1.989285E+00 -2.540734E+01 -1.859250E+02  0.000000E+00 -3.840000E+02
       475  5.175661E+00  1.997448E+00 -1.421216E+01  1.989285E+00 -2.540184E+01 -1.975317E+02  0.000000E+00 -3.702000E+02
       476  4.919291E+00  1.997448E+00 -1.446851E+01  1.989285E+00 -2.539716E+01 -2.057526E+02  0.000000E+00 -3.667000E+02
       477  4.853217E+00  1.997448E+00 -1.453457E+01  1.989285E+00 -2.539216E+01 -2.378690E+02  0.000000E+00 -3.589000E+02
       478  4.897984E+00  1.997448E+00 -1.448978E+01  1.989285E+00 -2.538623E+01 -2.768183E+02  0.000000E+00 -3.493000E+02
       479  4.869802E+00  1.997448E+00 -1.451797E+01  1.989285E+00 -2.537950E+01 -2.754532E+02  0.000000E+00 -3.390000E+02
       480  4.618599E+00  1.997448E+00 -1.476921E+01  1.989285E+00 -2.537372E+01 -2.296013E+02  0.000000E+00 -3.359000E+02
       481  4.669319E+00  1.997448E+00 -1.471845E+01  1.989285E+00 -2.537338E+01 -2.847718E+02  0.000000E+00 -3.626000E+02
       482  4.616646E+00  1.997448E+00 -1.477114E+01  1.989285E+00 -2.537508E+01 -2.742220E+02  0.000000E+00 -3.862000E+02
       483  4.655346E+00  1.997448E+00 -1.473241E+01  1.989285E+00 -2.537700E+01 -3.037082E+02  0.000000E+00 -4.056000E+02
       484  4.630284E+00  1.997448E+00 -1.475748E+01  1.989285E+00 -2.537833E+01 -2.948423E+02  0.000000E+00 -4.152000E+02
       485  4.392343E+00  1.997448E+00 -1.499547E+01  1.989285E+00 -2.537974E+01 -2.420487E+02  0.000000E+00 -4.204000E+02
       486  3.988659E+00  1.997448E+00 -1.539917E+01  1.989285E+00 -2.538136E+01 -2.016252E+02  0.000000E+00 -4.280000E+02
       487  3.164188E+00  1.997448E+00 -1.622360E+01  1.989285E+00 -2.538317E+01 -1.463813E+02  0.000000E+00 -4.365000E+02
       488  3.189299E+00  1.997448E+00 -1.619845E+01  1.989285E+00 -2.538513E+01 -2.185483E+02  0.000000E+00 -4.448000E+02
       489  2.895175E+00  1.997448E+00 -1.649257E+01  1.989285E+00 -2.538718E+01 -1.884970E+02  0.000000E+00 -4.527000E+02
       490  2.985014E+00  1.997448E+00 -1.640268E+01  1.989285E+00 -2.538910E+01 -2.424734E+02  0.000000E+00 -4.576000E+02
       491  3.006568E+00  1.997448E+00 -1.638112E+01  1.989285E+00 -2.538882E+01 -2.508071E+02  0.000000E+00 -4.373000E+02
       492  3.144044E+00  1.997448E+00 -1.624363E+01  1.989285E+00 -2.538751E+01 -2.925872E+02  0.000000E+00 -4.226000E+02
       493  3.332546E+00  1.997448E+00 -1.605513E+01  1.989285E+00 -2.538568E+01 -3.349513E+02  0.000000E+00 -4.110000E+02
       494  3.306371E+00  1.997448E+00 -1.608135E+01  1.989285E+00 -2.538430E+01 -2.855869E+02  0.000000E+00 -4.085000E+02
       495  3.302468E+00  1.997448E+00 -1.608526E+01  1.989285E+00 -2.538333E+01 -2.862407E+02  0.000000E+00 -4.096000E+02
       496  3.186543E+00  1.997448E+00 -1.620123E+01  1.989285E+00 -2.538233E+01 -2.553901E+02  0.000000E+00 -4.080000E+02
       497  3.242022E+00  1.997448E+00 -1.614572E+01  1.989285E+00 -2.538114E+01 -2.938762E+02  0.000000E+00 -4.049000E+02
       498  3.093642E+00  1.997448E+00 -1.629415E+01  1.989285E+00 -2.537985E+01 -2.493908E+02  0.000000E+00 -4.015000E+02
       499  3.155766E+00  1.997448E+00 -1.623203E+01  1.989285E+00 -2.537846E+01 -2.904130E+02  0.000000E+00 -3.978000E+02
       500  2.078181E+00  1.997448E+00 -1.730957E+01  1.989285E+00 -2.537636E+01 -1.370637E+02  0.000000E+00 -3.893000E+02
       501  2.074640E+00  1.997448E+00 -1.731311E+01  1.989285E+00 -2.537670E+01 -2.059507E+02  0.000000E+00 -4.032000E+02
       502  2.084671E+00  1.997448E+00 -1.730307E+01  1.989285E+00 -2.537789E+01 -2.250939E+02  0.000000E+00 -4.136000E+02
       503  2.094717E+00  1.997448E+00 -1.729303E+01  1.989285E+00 -2.537936E+01 -2.362161E+02  0.000000E+00 -4.214000E+02
       504  1.953268E+00  1.997448E+00 -1.743452E+01  1.989285E+00 -2.538073E+01 -2.154921E+02  0.000000E+00 -4.269000E+02
       505  1.932970E+00  1.997448E+00 -1.745484E+01  1.989285E+00 -2.538214E+01 -2.315016E+02  0.000000E+00 -4.301000E+02
       506  1.997566E+00  1.997448E+00 -1.739020E+01  1.989285E+00 -2.538352E+01 -2.564411E+02  0.000000E+00 -4.311000E+02
       507  2.036813E+00  1.997448E+00 -1.735095E+01  1.989285E+00 -2.538487E+01 -2.614936E+02  0.000000E+00 -4.299000E+02
       508  1.745687E+00  1.997448E+00 -1.764212E+01  1.989285E+00 -2.538605E+01 -2.028255E+02  0.000000E+00 -4.265000E+02
       509  1.704192E+00  1.997448E+00 -1.768357E+01  1.989285E+00 -2.538704E+01 -2.287218E+02  0.000000E+00 -4.212000E+02
       510  1.817871E+00  1.997448E+00 -1.756991E+01  1.989285E+00 -2.538862E+01 -2.674615E+02  0.000000E+00 -4.212000E+02
       511  1.863663E+00  1.997448E+00 -1.752413E+01  1.989285E+00 -2.538999E+01 -2.671006E+02  0.000000E+00 -4.191000E+02
       512  1.897770E+00  1.997448E+00 -1.749002E+01  1.989285E+00 -2.539101E+01 -2.702251E+02  0.000000E+00 -4.119000E+02
       513  1.923297E+00  1.997448E+00 -1.746450E+01  1.989285E+00 -2.539173E+01 -2.720184E+02  0.000000E+00 -4.032000E+02
       514  2.005259E+00  1.997448E+00 -1.738252E+01  1.989285E+00 -2.539223E+01 -2.919971E+02  0.000000E+00 -3.933000E+02
       515  2.072003E+00  1.997448E+00 -1.731577E+01  1.989285E+00 -2.539238E+01 -2.978317E+02  0.000000E+00 -3.825000E+02
       516  2.143693E+00  1.997448E+00 -1.724408E+01  1.989285E+00 -2.539253E+01 -3.057829E+02  0.000000E+00 -3.713000E+02
       517  2.221181E+00  1.997448E+00 -1.716659E+01  1.989285E+00 -2.539259E+01 -3.148583E+02  0.000000E+00 -3.600000E+02
       518  2.245414E+00  1.997448E+00 -1.714237E+01  1.989285E+00 -2.539271E+01 -3.022146E+02  0.000000E+00 -3.489000E+02
end
