#plants2
# 1=year
# 2=month
# 3=day
# 4=simulation time
# 5=potential soil evaporation [mm/T]
# 6=potential transpiration of plants (including evaporation of interception) [mm/T]
# 7=evaporation of interception due "with energy leftover" from eva_soil [mm/T]
# 8=evaporation of interception plants [mm/T]
# 9=actual soil evaporation [mm/T]
#10=actual transpiration [mm/T]
#11=potential flux [mm/T]
#12=actual flux [mm/T]
#13=alphaAvg
#     date      time    eva_pot    trans_pot       i_soil     i_plants      eva_act   transp_act     flux_pot     flux_act     alphaAvg
2014  8  1     1.00  4.53000E+00  0.00000E+00  0.00000E+00  0.00000E+00  4.53018E+00  0.00000E+00  4.48000E+00  4.48018E+00  1.00000E+00
2014  8  2     2.00  2.56376E+00  1.22836E-01  0.00000E+00  1.56000E-02  2.56365E+00  9.36689E-02 -1.59506E+01 -1.59508E+01  7.70313E-01
2014  8  3     3.00  3.69425E+00  1.77000E-01  0.00000E+00  1.56000E-02  3.69425E+00  1.09377E-01 -2.00802E+01 -2.00802E+01  6.37931E-01
2014  8  4     4.00  2.16941E+00  1.03942E-01  0.00000E+00  1.56000E-02  2.16968E+00  8.27664E-02  1.90501E+00  1.90528E+00  1.00000E+00
2014  8  5     5.00  2.52025E+00  1.20751E-01  0.00000E+00  1.56000E-02  2.52038E+00  1.05151E-01  2.49585E+00  2.49598E+00  1.00000E+00
2014  8  6     6.00  2.92639E+00  1.40210E-01  0.00000E+00  0.00000E+00  2.92639E+00  1.40210E-01  2.92639E+00  2.92639E+00  1.00000E+00
2014  8  7     7.00  2.86928E+00  1.37474E-01  0.00000E+00  1.56000E-02  2.86905E+00  1.21874E-01  8.14876E-01  8.14653E-01  1.00000E+00
2014  8  8     8.00  3.17388E+00  1.52068E-01  0.00000E+00  1.56000E-02  3.17415E+00  1.36468E-01  3.13948E+00  3.13975E+00  1.00000E+00
2014  8  9     9.00  3.06781E+00  1.46986E-01  0.00000E+00  1.56000E-02  3.06772E+00  1.31386E-01  2.73341E+00  2.73332E+00  1.00000E+00
2014  8 10    10.00  2.51662E+00  1.20577E-01  0.00000E+00  1.56000E-02  2.51593E+00  1.04977E-01 -2.17777E-01 -2.18473E-01  1.00000E+00
2014  8 11    11.00  3.37333E+00  1.61624E-01  0.00000E+00  1.56000E-02  3.37319E+00  1.46024E-01 -2.74107E+00 -2.74121E+00  1.00000E+00
2014  8 12    12.00  2.18573E+00  1.04723E-01  0.00000E+00  1.56000E-02  2.18590E+00  8.91234E-02  5.91327E-01  5.91498E-01  1.00000E+00
2014  8 13    13.00  3.09320E+00  1.48203E-01  0.00000E+00  1.56000E-02  3.09309E+00  1.32603E-01 -3.21203E-01 -3.21307E-01  1.00000E+00
2014  8 14    14.00  3.02249E+00  1.44815E-01  0.00000E+00  1.56000E-02  3.02240E+00  1.29215E-01 -1.79191E+00 -1.79200E+00  1.00000E+00
2014  8 15    15.00  2.46314E+00  1.18015E-01  0.00000E+00  1.56000E-02  2.46301E+00  1.02415E-01 -2.51126E+00 -2.51139E+00  1.00000E+00
2014  8 16    16.00  2.38064E+00  1.14062E-01  0.00000E+00  1.56000E-02  2.38070E+00  9.84621E-02 -1.63376E+00 -1.63370E+00  1.00000E+00
2014  8 17    17.00  2.02345E+00  9.69484E-02  0.00000E+00  0.00000E+00  2.02401E+00  9.69484E-02  2.02345E+00  2.02401E+00  1.00000E+00
2014  8 18    18.00  2.81851E+00  1.35042E-01  0.00000E+00  1.56000E-02  2.81847E+00  1.19442E-01  1.53411E+00  1.53407E+00  1.00000E+00
2014  8 19    19.00  2.58733E+00  1.23965E-01  0.00000E+00  1.56000E-02  2.58708E+00  1.08365E-01 -9.77065E-01 -9.77321E-01  1.00000E+00
2014  8 20    20.00  2.08872E+00  1.00076E-01  0.00000E+00  1.56000E-02  2.08903E+00  8.44758E-02  1.90432E+00  1.90463E+00  1.00000E+00
2014  8 21    21.00  2.49124E+00  1.19361E-01  0.00000E+00  1.56000E-02  2.49130E+00  1.03761E-01  2.47684E+00  2.47690E+00  1.00000E+00
2014  8 22    22.00  2.45135E+00  1.17450E-01  0.00000E+00  0.00000E+00  2.45135E+00  1.17450E-01  2.45135E+00  2.45135E+00  1.00000E+00
2014  8 23    23.00  2.60003E+00  1.24574E-01  0.00000E+00  1.56000E-02  2.60003E+00  1.08974E-01  2.58563E+00  2.58563E+00  1.00000E+00
2014  8 24    24.00  2.58824E+00  1.24009E-01  0.00000E+00  1.56000E-02  2.58822E+00  1.08409E-01  2.28384E+00  2.28382E+00  1.00000E+00
2014  8 25    25.00  2.49940E+00  1.19752E-01  0.00000E+00  1.56000E-02  2.49941E+00  1.04152E-01  2.39500E+00  2.39501E+00  1.00000E+00
2014  8 26    26.00  2.42415E+00  1.16147E-01  0.00000E+00  1.56000E-02  2.42414E+00  1.00547E-01  2.34975E+00  2.34974E+00  1.00000E+00
2014  8 27    27.00  2.74689E+00  1.31610E-01  0.00000E+00  1.56000E-02  2.74687E+00  1.16010E-01  2.08249E+00  2.08247E+00  1.00000E+00
2014  8 28    28.00  3.05784E+00  1.46509E-01  0.00000E+00  1.56000E-02  3.05797E+00  1.30909E-01  3.04344E+00  3.04357E+00  1.00000E+00
2014  8 29    29.00  1.49061E+00  7.63751E-02  0.00000E+00  1.66560E-02  1.49053E+00  5.97190E-02 -4.14273E+00 -4.14281E+00  1.00000E+00
2014  8 30    30.00  1.82294E+00  1.00204E-01  0.00000E+00  1.78369E-02  1.82295E+00  8.23672E-02  6.60778E-01  6.60788E-01  1.00000E+00
2014  8 31    31.00  8.97560E-01  5.30867E-02  0.00000E+00  1.91542E-02  8.97674E-01  3.39326E-02 -5.71329E+00 -5.71317E+00  1.00000E+00
2014  9  1    32.00  6.60120E-01  4.17789E-02  0.00000E+00  2.04559E-02  6.60780E-01  2.02288E-02 -2.00894E+01 -2.00888E+01  8.37606E-01
2014  9  2    33.00  2.56073E+00  1.73851E-01  0.00000E+00  2.18953E-02  2.56101E+00  1.50403E-01  2.08263E+00  2.08291E+00  1.00000E+00
2014  9  3    34.00  2.86569E+00  2.08786E-01  0.00000E+00  1.00000E-02  2.86577E+00  1.98786E-01  2.86569E+00  2.86577E+00  1.00000E+00
2014  9  4    35.00  2.77097E+00  2.17534E-01  0.00000E+00  2.00000E-02  2.77086E+00  1.97534E-01  2.77097E+00  2.77086E+00  1.00000E+00
2014  9  5    36.00  2.77052E+00  2.33918E-01  0.00000E+00  2.00000E-02  2.77045E+00  2.13918E-01  2.77052E+00  2.77045E+00  1.00000E+00
2014  9  6    37.00  2.80617E+00  2.58214E-01  0.00000E+00  1.00000E-02  2.80617E+00  2.48214E-01  2.80617E+00  2.80617E+00  1.00000E+00
2014  9  7    38.00  1.73104E+00  1.73466E-01  0.00000E+00  3.18336E-02  1.73206E+00  1.41633E-01 -1.61471E+01 -1.61461E+01  1.00000E+00
2014  9  8    39.00  2.23738E+00  2.44635E-01  0.00000E+00  0.00000E+00  2.23778E+00  2.44628E-01  2.23738E+00  2.23778E+00  1.00000E+00
2014  9  9    40.00  1.92894E+00  2.29727E-01  0.00000E+00  3.75067E-02  1.92900E+00  1.92220E-01  1.91645E+00  1.91650E+00  1.00000E+00
2014  9 10    41.00  1.45063E+00  1.85223E-01  0.00000E+00  4.00557E-02  1.45065E+00  1.45168E-01 -3.69932E+00 -3.69929E+00  1.00000E+00
2014  9 11    42.00  1.63025E+00  2.23650E-01  0.00000E+00  4.28528E-02  1.63096E+00  1.80797E-01  1.59310E+00  1.59381E+00  1.00000E+00
2014  9 12    43.00  1.05954E+00  1.54518E-01  0.00000E+00  4.53777E-02  1.05953E+00  1.09140E-01  9.94919E-01  9.94911E-01  1.00000E+00
2014  9 13    44.00  7.08439E-01  1.11158E-01  0.00000E+00  4.85829E-02  7.08369E-01  6.25750E-02  6.37022E-01  6.36952E-01  1.00000E+00
2014  9 14    45.00  9.02818E-01  1.54705E-01  0.00000E+00  5.27214E-02  9.03689E-01  1.00519E-01 -1.81545E+01 -1.81536E+01  9.22186E-01
2014  9 15    46.00  2.16599E+00  4.04474E-01  0.00000E+00  2.00000E-02  2.16629E+00  3.82741E-01  2.16599E+00  2.16629E+00  1.00000E+00
2014  9 16    47.00  2.12225E+00  4.27522E-01  0.00000E+00  6.11756E-02  2.12227E+00  3.66347E-01  2.09343E+00  2.09344E+00  1.00000E+00
2014  9 17    48.00  2.07514E+00  4.57007E-01  0.00000E+00  6.63463E-02  2.07513E+00  3.90660E-01  1.92149E+00  1.92148E+00  1.00000E+00
2014  9 18    49.00  2.04094E+00  4.92741E-01  0.00000E+00  7.20875E-02  2.04092E+00  4.20654E-01  1.70303E+00  1.70301E+00  1.00000E+00
2014  9 19    50.00  1.79885E+00  4.74937E-01  0.00000E+00  7.80997E-02  1.79886E+00  3.96837E-01  1.79695E+00  1.79696E+00  1.00000E+00
2014  9 20    51.00  1.59300E+00  4.61542E-01  0.00000E+00  8.48113E-02  1.59288E+00  3.76730E-01 -3.35219E+00 -3.35231E+00  1.00000E+00
2014  9 21    52.00  1.02595E+00  3.25171E-01  0.00000E+00  9.17720E-02  1.02605E+00  2.33399E-01 -2.62228E+00 -2.62218E+00  1.00000E+00
2014  9 22    53.00  1.06491E+00  3.59754E-01  0.00000E+00  9.70150E-02  1.06508E+00  2.62739E-01 -2.88073E-01 -2.87905E-01  1.00000E+00
2014  9 23    54.00  1.59088E+00  5.70865E-01  0.00000E+00  0.00000E+00  1.59127E+00  5.70865E-01  1.59088E+00  1.59127E+00  1.00000E+00
2014  9 24    55.00  1.05998E+00  4.12397E-01  0.00000E+00  1.09543E-01  1.05991E+00  3.02854E-01  9.49522E-01  9.49449E-01  1.00000E+00
2014  9 25    56.00  9.97667E-01  4.12410E-01  0.00000E+00  1.15327E-01  9.97721E-01  2.97084E-01 -1.81701E+00 -1.81695E+00  1.00000E+00
2014  9 26    57.00  5.02031E-01  2.19795E-01  0.00000E+00  1.21041E-01  5.02190E-01  9.87540E-02  1.03071E-01  1.03231E-01  1.00000E+00
2014  9 27    58.00  1.45208E+00  6.57377E-01  0.00000E+00  1.24478E-01  1.45224E+00  5.32899E-01  1.43656E+00  1.43671E+00  1.00000E+00
2014  9 28    59.00  1.33284E+00  6.58073E-01  0.00000E+00  0.00000E+00  1.33287E+00  6.58073E-01  1.33284E+00  1.33287E+00  1.00000E+00
2014  9 29    60.00  1.07518E+00  5.77780E-01  0.00000E+00  1.43360E-01  1.07480E+00  4.34420E-01  9.68539E-01  9.68155E-01  1.00000E+00
2014  9 30    61.00  3.20671E-01  1.86471E-01  0.00000E+00  1.52791E-01  3.21169E-01  3.36791E-02 -1.30465E+01 -1.30460E+01  1.00000E+00
2014 10  1    62.00  5.69007E-01  3.38657E-01  0.00000E+00  0.00000E+00  5.69482E-01  3.38657E-01  5.69007E-01  5.69482E-01  1.00000E+00
2014 10  2    63.00  4.74875E-01  2.95178E-01  0.00000E+00  7.00000E-02  4.74768E-01  2.25178E-01  4.74875E-01  4.74768E-01  1.00000E+00
2014 10  3    64.00  9.60778E-01  6.19177E-01  0.00000E+00  9.00000E-02  9.60643E-01  5.29177E-01  9.60778E-01  9.60643E-01  1.00000E+00
2014 10  4    65.00  1.15371E+00  7.88276E-01  0.00000E+00  3.00000E-02  1.15374E+00  7.58276E-01  1.15371E+00  1.15374E+00  1.00000E+00
2014 10  5    66.00  9.98032E-01  7.22042E-01  0.00000E+00  2.00000E-02  9.97938E-01  7.02042E-01  9.98032E-01  9.97938E-01  1.00000E+00
2014 10  6    67.00  8.91696E-01  6.80047E-01  0.00000E+00  1.00000E-02  8.91721E-01  6.70047E-01  8.91696E-01  8.91721E-01  1.00000E+00
2014 10  7    68.00  5.42784E-01  4.33100E-01  0.00000E+00  1.95544E-01  5.42941E-01  2.37556E-01 -1.11167E+00 -1.11152E+00  1.00000E+00
2014 10  8    69.00  8.00239E-01  6.53833E-01  0.00000E+00  1.99071E-01  8.00229E-01  4.54762E-01 -7.80690E-01 -7.80700E-01  1.00000E+00
2014 10  9    70.00  5.06701E-01  4.30444E-01  0.00000E+00  2.04972E-01  5.06832E-01  2.25472E-01 -5.42833E+00 -5.42820E+00  1.00000E+00
2014 10 10    71.00  7.19952E-01  6.25350E-01  0.00000E+00  5.00000E-02  7.19933E-01  5.75350E-01  7.19952E-01  7.19933E-01  1.00000E+00
2014 10 11    72.00  3.19538E-01  2.86168E-01  0.00000E+00  2.13173E-01  3.19117E-01  7.29951E-02 -2.97729E+00 -2.97771E+00  1.00000E+00
2014 10 12    73.00  5.39216E-01  4.89650E-01  0.00000E+00  3.00000E-02  5.39581E-01  4.59650E-01  5.39216E-01  5.39581E-01  1.00000E+00
2014 10 13    74.00  3.38301E-01  3.12524E-01  0.00000E+00  2.18102E-01  3.37784E-01  9.44222E-02 -3.63598E-01 -3.64114E-01  1.00000E+00
2014 10 14    75.00  2.33043E-01  2.17516E-01  2.23944E-03  2.17516E-01  2.30796E-01  0.00000E+00 -4.50944E+00 -4.50945E+00  1.00000E+00
2014 10 15    76.00  2.40441E-01  2.26020E-01  0.00000E+00  2.20900E-01  2.40283E-01  5.12003E-03 -1.84866E+00 -1.84882E+00  1.00000E+00
2014 10 16    77.00  3.76928E-01  3.56539E-01  0.00000E+00  1.60000E-01  3.76739E-01  1.96539E-01  3.76928E-01  3.76739E-01  1.00000E+00
2014 10 17    78.00  3.37694E-01  3.23030E-01  0.00000E+00  2.23732E-01  3.37592E-01  9.92979E-02 -6.37857E+00 -6.37868E+00  1.00000E+00
2014 10 18    79.00  4.22051E-01  4.06609E-01  0.00000E+00  7.00000E-02  4.22020E-01  3.36609E-01  4.22051E-01  4.22020E-01  1.00000E+00
2014 10 19    80.00  8.77286E-01  8.54679E-01  0.00000E+00  2.26726E-01  8.77057E-01  6.27953E-01 -2.98599E+00 -2.98622E+00  1.00000E+00
2014 10 20    81.00  5.80432E-01  5.73992E-01  0.00000E+00  2.29195E-01  5.80674E-01  3.44797E-01 -7.50373E-01 -7.50131E-01  9.99995E-01
2014 10 21    82.00  3.06302E-01  3.05965E-01  0.00000E+00  2.30866E-01  3.06139E-01  7.50984E-02 -2.38283E+00 -2.38299E+00  9.99977E-01
2014 10 22    83.00  2.65269E-01  2.66318E-01  0.00000E+00  2.31707E-01  2.65942E-01  3.41369E-02 -1.60930E+01 -1.60924E+01  9.39225E-01
2014 10 23    84.00  2.53754E-01  2.55933E-01  0.00000E+00  0.00000E+00  2.54123E-01  2.53802E-01  2.53754E-01  2.54123E-01  9.96296E-01
2014 10 24    85.00  2.64191E-01  2.67743E-01  0.00000E+00  5.00000E-02  2.64219E-01  2.17200E-01  2.64191E-01  2.64219E-01  9.98279E-01
2014 10 25    86.00  2.38515E-01  2.43156E-01  0.00000E+00  2.34276E-01  2.38480E-01  8.86563E-03 -2.57209E-01 -2.57244E-01  9.98623E-01
2014 10 26    87.00  3.83890E-01  3.93614E-01  0.00000E+00  7.00000E-02  3.83924E-01  3.23179E-01  3.83890E-01  3.83924E-01  9.98771E-01
2014 10 27    88.00  3.64026E-01  3.75978E-01  0.00000E+00  1.20000E-01  3.64046E-01  2.55656E-01  3.64026E-01  3.64046E-01  9.98848E-01
2014 10 28    89.00  4.46250E-01  4.63600E-01  0.00000E+00  1.20000E-01  4.46270E-01  3.43190E-01  4.46250E-01  4.46270E-01  9.98904E-01
2014 10 29    90.00  2.51833E-01  2.63356E-01  0.00000E+00  2.20000E-01  2.51804E-01  4.33071E-02  2.51833E-01  2.51804E-01  9.98965E-01
2014 10 30    91.00  3.77392E-01  3.96118E-01  0.00000E+00  2.00000E-01  3.77412E-01  1.95913E-01  3.77392E-01  3.77412E-01  9.99030E-01
2014 10 31    92.00  2.03593E-01  0.00000E+00  0.00000E+00  0.00000E+00  2.03575E-01  2.36776E-02  2.03593E-01  2.03575E-01  9.99058E-01
2014 11  1    93.00  5.39782E-01  0.00000E+00  0.00000E+00  0.00000E+00  5.39796E-01  0.00000E+00  3.49782E-01  3.49796E-01  1.00000E+00
2014 11  2    94.00  6.36774E-01  0.00000E+00  0.00000E+00  0.00000E+00  6.36784E-01  0.00000E+00  4.86774E-01  4.86784E-01  1.00000E+00
2014 11  3    95.00  9.44618E-01  0.00000E+00  0.00000E+00  0.00000E+00  9.44632E-01  0.00000E+00  8.64618E-01  8.64632E-01  1.00000E+00
2014 11  4    96.00  6.04092E-01  0.00000E+00  0.00000E+00  0.00000E+00  6.04070E-01  0.00000E+00  5.54092E-01  5.54070E-01  1.00000E+00
2014 11  5    97.00  4.40681E-01  0.00000E+00  0.00000E+00  0.00000E+00  4.40655E-01  0.00000E+00  3.70681E-01  3.70655E-01  1.00000E+00
2014 11  6    98.00  4.06945E-01  0.00000E+00  0.00000E+00  0.00000E+00  4.06944E-01  0.00000E+00  3.76945E-01  3.76944E-01  1.00000E+00
2014 11  7    99.00  5.29239E-01  0.00000E+00  0.00000E+00  0.00000E+00  5.29200E-01  0.00000E+00  1.09239E-01  1.09200E-01  1.00000E+00
2014 11  8   100.00  6.31503E-01  0.00000E+00  0.00000E+00  0.00000E+00  6.31606E-01  0.00000E+00  5.91503E-01  5.91606E-01  1.00000E+00
2014 11  9   101.00  3.86914E-01  0.00000E+00  0.00000E+00  0.00000E+00  3.86848E-01  0.00000E+00  1.36914E-01  1.36848E-01  1.00000E+00
2014 11 10   102.00  3.41581E-01  0.00000E+00  0.00000E+00  0.00000E+00  3.41535E-01  0.00000E+00 -2.38419E-01 -2.38465E-01  1.00000E+00
2014 11 11   103.00  2.83596E-01  0.00000E+00  0.00000E+00  0.00000E+00  2.83694E-01  0.00000E+00  1.35963E-02  1.36939E-02  1.00000E+00
2014 11 12   104.00  3.06790E-01  0.00000E+00  0.00000E+00  0.00000E+00  3.06791E-01  0.00000E+00 -1.23210E-01 -1.23209E-01  1.00000E+00
2014 11 13   105.00  2.24558E-01  0.00000E+00  0.00000E+00  0.00000E+00  2.24510E-01  0.00000E+00  2.04558E-01  2.04510E-01  1.00000E+00
2014 11 14   106.00  3.48961E-01  0.00000E+00  0.00000E+00  0.00000E+00  3.48991E-01  0.00000E+00  3.38961E-01  3.38991E-01  1.00000E+00
2014 11 15   107.00  4.22759E-01  0.00000E+00  0.00000E+00  0.00000E+00  4.22748E-01  0.00000E+00  2.52759E-01  2.52748E-01  1.00000E+00
2014 11 16   108.00  3.05736E-01  0.00000E+00  0.00000E+00  0.00000E+00  3.05687E-01  0.00000E+00  3.57358E-02  3.56869E-02  1.00000E+00
2014 11 17   109.00  3.11007E-01  0.00000E+00  0.00000E+00  0.00000E+00  3.11059E-01  0.00000E+00  3.11007E-01  3.11059E-01  1.00000E+00
2014 11 18   110.00  3.23658E-01  0.00000E+00  0.00000E+00  0.00000E+00  3.23645E-01  0.00000E+00  2.43658E-01  2.43645E-01  1.00000E+00
2014 11 19   111.00  2.21395E-01  0.00000E+00  0.00000E+00  0.00000E+00  2.21384E-01  0.00000E+00  1.71395E-01  1.71384E-01  1.00000E+00
2014 11 20   112.00  1.86604E-01  0.00000E+00  0.00000E+00  0.00000E+00  1.86487E-01  0.00000E+00 -3.53396E-01 -3.53513E-01  1.00000E+00
2014 11 21   113.00  2.39317E-01  0.00000E+00  0.00000E+00  0.00000E+00  2.39354E-01  0.00000E+00  2.19317E-01  2.19354E-01  1.00000E+00
2014 11 22   114.00  4.02728E-01  0.00000E+00  0.00000E+00  0.00000E+00  4.02900E-01  0.00000E+00  2.62728E-01  2.62900E-01  1.00000E+00
2014 11 23   115.00  4.61767E-01  0.00000E+00  0.00000E+00  0.00000E+00  4.61745E-01  0.00000E+00  1.91767E-01  1.91745E-01  1.00000E+00
2014 11 24   116.00  3.07844E-01  0.00000E+00  0.00000E+00  0.00000E+00  3.07434E-01  0.00000E+00 -5.86216E+00 -5.86257E+00  1.00000E+00
2014 11 25   117.00  3.13116E-01  0.00000E+00  0.00000E+00  0.00000E+00  3.13158E-01  0.00000E+00  2.13116E-01  2.13158E-01  1.00000E+00
2014 11 26   118.00  3.28930E-01  0.00000E+00  0.00000E+00  0.00000E+00  3.29032E-01  0.00000E+00  2.18930E-01  2.19032E-01  1.00000E+00
2014 11 27   119.00  4.42790E-01  0.00000E+00  0.00000E+00  0.00000E+00  4.42777E-01  0.00000E+00  2.22790E-01  2.22777E-01  1.00000E+00
2014 11 28   120.00  4.68092E-01  0.00000E+00  0.00000E+00  0.00000E+00  4.68044E-01  0.00000E+00  3.78092E-01  3.78044E-01  1.00000E+00
2014 11 29   121.00  4.82852E-01  0.00000E+00  0.00000E+00  0.00000E+00  4.82883E-01  0.00000E+00  4.82852E-01  4.82883E-01  1.00000E+00
2014 11 30   122.00  4.60712E-01  0.00000E+00  0.00000E+00  0.00000E+00  4.60683E-01  0.00000E+00  3.10712E-01  3.10683E-01  1.00000E+00
2014 12  1   123.00  4.01674E-01  0.00000E+00  0.00000E+00  0.00000E+00  4.01707E-01  0.00000E+00  4.01674E-01  4.01707E-01  1.00000E+00
2014 12  2   124.00  4.30139E-01  0.00000E+00  0.00000E+00  0.00000E+00  4.30133E-01  0.00000E+00  3.80139E-01  3.80133E-01  1.00000E+00
2014 12  3   125.00  2.16124E-01  0.00000E+00  0.00000E+00  0.00000E+00  2.16077E-01  0.00000E+00  5.61236E-02  5.60770E-02  1.00000E+00
2014 12  4   126.00  2.59348E-01  0.00000E+00  0.00000E+00  0.00000E+00  2.59426E-01  0.00000E+00  9.93483E-02  9.94261E-02  1.00000E+00
2014 12  5   127.00  1.49705E-01  0.00000E+00  0.00000E+00  0.00000E+00  1.49473E-01  0.00000E+00 -2.40295E-01 -2.40527E-01  1.00000E+00
2014 12  6   128.00  2.04527E-01  0.00000E+00  0.00000E+00  0.00000E+00  2.04448E-01  0.00000E+00  2.45267E-02  2.44484E-02  1.00000E+00
2014 12  7   129.00  2.26666E-01  0.00000E+00  0.00000E+00  0.00000E+00  2.26631E-01  0.00000E+00 -3.43334E-01 -3.43369E-01  1.00000E+00
2014 12  8   130.00  3.82697E-01  0.00000E+00  0.00000E+00  0.00000E+00  3.82519E-01  0.00000E+00 -1.10730E+00 -1.10748E+00  1.00000E+00
2014 12  9   131.00  2.09798E-01  0.00000E+00  0.00000E+00  0.00000E+00  2.09638E-01  0.00000E+00 -1.02020E-02 -1.03625E-02  1.00000E+00
2014 12 10   132.00  3.27875E-01  0.00000E+00  0.00000E+00  0.00000E+00  3.28072E-01  0.00000E+00 -1.34212E+00 -1.34193E+00  1.00000E+00
2014 12 11   133.00  3.92185E-01  0.00000E+00  0.00000E+00  0.00000E+00  3.92581E-01  0.00000E+00 -1.31781E+00 -1.31742E+00  1.00000E+00
2014 12 12   134.00  5.48216E-01  0.00000E+00  0.00000E+00  0.00000E+00  5.48083E-01  0.00000E+00 -5.84178E+00 -5.84192E+00  1.00000E+00
2014 12 13   135.00  4.93394E-01  0.00000E+00  0.00000E+00  0.00000E+00  4.93584E-01  0.00000E+00  3.03394E-01  3.03584E-01  1.00000E+00
2014 12 14   136.00  2.07690E-01  0.00000E+00  0.00000E+00  0.00000E+00  2.07936E-01  0.00000E+00 -2.23105E-02 -2.20637E-02  1.00000E+00
2014 12 15   137.00  3.59503E-01  0.00000E+00  0.00000E+00  0.00000E+00  3.59633E-01  0.00000E+00 -6.00497E-01 -6.00367E-01  1.00000E+00
2014 12 16   138.00  3.96402E-01  0.00000E+00  0.00000E+00  0.00000E+00  3.96524E-01  0.00000E+00  2.66402E-01  2.66524E-01  1.00000E+00
2014 12 17   139.00  3.03627E-01  0.00000E+00  0.00000E+00  0.00000E+00  3.03585E-01  0.00000E+00  2.73627E-01  2.73585E-01  1.00000E+00
2014 12 18   140.00  3.28930E-01  0.00000E+00  0.00000E+00  0.00000E+00  3.29188E-01  0.00000E+00 -2.32107E+00 -2.32081E+00  1.00000E+00
2014 12 19   141.00  6.28340E-01  0.00000E+00  0.00000E+00  0.00000E+00  6.28257E-01  0.00000E+00 -7.94166E+00 -7.94174E+00  1.00000E+00
2014 12 20   142.00  6.84216E-01  0.00000E+00  0.00000E+00  0.00000E+00  6.84457E-01  0.00000E+00 -6.16578E+00 -6.16554E+00  1.00000E+00
2014 12 21   143.00  6.35720E-01  0.00000E+00  0.00000E+00  0.00000E+00  6.35635E-01  0.00000E+00 -1.86428E+00 -1.86437E+00  1.00000E+00
2014 12 22   144.00  5.04991E-01  0.00000E+00  0.00000E+00  0.00000E+00  5.05746E-01  0.00000E+00 -1.89850E+01 -1.89843E+01  1.00000E+00
2014 12 23   145.00  6.05146E-01  0.00000E+00  0.00000E+00  0.00000E+00  6.05198E-01  0.00000E+00 -4.29485E+00 -4.29480E+00  1.00000E+00
2014 12 24   146.00  6.20960E-01  0.00000E+00  0.00000E+00  0.00000E+00  6.21190E-01  0.00000E+00 -1.03904E+00 -1.03881E+00  1.00000E+00
2014 12 25   147.00  5.41890E-01  0.00000E+00  0.00000E+00  0.00000E+00  5.41892E-01  0.00000E+00 -1.37811E+00 -1.37811E+00  1.00000E+00
2014 12 26   148.00  2.94139E-01  0.00000E+00  0.00000E+00  0.00000E+00  2.94308E-01  0.00000E+00  2.14139E-01  2.14308E-01  1.00000E+00
2014 12 27   149.00  2.40372E-01  0.00000E+00  0.00000E+00  0.00000E+00  2.40370E-01  0.00000E+00  1.50372E-01  1.50370E-01  1.00000E+00
2014 12 28   150.00  3.24713E-01  0.00000E+00  0.00000E+00  0.00000E+00  3.24760E-01  0.00000E+00 -7.75287E-01 -7.75240E-01  1.00000E+00
2014 12 29   151.00  2.37209E-01  0.00000E+00  0.00000E+00  0.00000E+00  2.37193E-01  0.00000E+00 -1.96279E+00 -1.96281E+00  1.00000E+00
2014 12 30   152.00  1.76062E-01  0.00000E+00  0.00000E+00  0.00000E+00  1.76217E-01  0.00000E+00 -2.33938E-01 -2.33783E-01  1.00000E+00
2014 12 31   153.00  2.20341E-01  0.00000E+00  0.00000E+00  0.00000E+00  2.20316E-01  0.00000E+00 -7.79659E-01 -7.79684E-01  1.00000E+00
2015  1  1   154.00  4.83906E-01  0.00000E+00  0.00000E+00  0.00000E+00  4.84099E-01  0.00000E+00  4.43906E-01  4.44099E-01  1.00000E+00
2015  1  2   155.00  9.28804E-01  0.00000E+00  0.00000E+00  0.00000E+00  9.28737E-01  0.00000E+00 -4.19120E+00 -4.19126E+00  1.00000E+00
2015  1  3   156.00  9.15099E-01  0.00000E+00  0.00000E+00  0.00000E+00  9.15412E-01  0.00000E+00  4.50990E-02  4.54124E-02  1.00000E+00
2015  1  4   157.00  8.17053E-01  0.00000E+00  0.00000E+00  0.00000E+00  8.17087E-01  0.00000E+00  6.77053E-01  6.77087E-01  1.00000E+00
2015  1  5   158.00  2.53023E-01  0.00000E+00  0.00000E+00  0.00000E+00  2.52616E-01  0.00000E+00 -5.58698E+00 -5.58738E+00  1.00000E+00
2015  1  6   159.00  2.58294E-01  0.00000E+00  0.00000E+00  0.00000E+00  2.58364E-01  0.00000E+00  8.82941E-02  8.83638E-02  1.00000E+00
2015  1  7   160.00  2.58294E-01  0.00000E+00  0.00000E+00  0.00000E+00  2.58284E-01  0.00000E+00 -2.71706E-01 -2.71716E-01  1.00000E+00
2015  1  8   161.00  2.88868E-01  0.00000E+00  0.00000E+00  0.00000E+00  2.89187E-01  0.00000E+00 -9.21113E+00 -9.21081E+00  1.00000E+00
2015  1  9   162.00  7.85425E-01  0.00000E+00  0.00000E+00  0.00000E+00  7.85453E-01  0.00000E+00 -8.74458E+00 -8.74455E+00  1.00000E+00
2015  1 10   163.00  7.89642E-01  0.00000E+00  0.00000E+00  0.00000E+00  7.89805E-01  0.00000E+00 -6.50036E+00 -6.50019E+00  1.00000E+00
2015  1 11   164.00  8.18107E-01  0.00000E+00  0.00000E+00  0.00000E+00  8.18180E-01  0.00000E+00 -2.29189E+00 -2.29182E+00  1.00000E+00
2015  1 12   165.00  3.95348E-01  0.00000E+00  0.00000E+00  0.00000E+00  3.95281E-01  0.00000E+00 -4.30465E+00 -4.30472E+00  1.00000E+00
2015  1 13   166.00  8.29704E-01  0.00000E+00  0.00000E+00  0.00000E+00  8.30144E-01  0.00000E+00  4.49704E-01  4.50144E-01  1.00000E+00
2015  1 14   167.00  7.15844E-01  0.00000E+00  0.00000E+00  0.00000E+00  7.15824E-01  0.00000E+00 -2.14156E-01 -2.14176E-01  1.00000E+00
2015  1 15   168.00  3.93240E-01  0.00000E+00  0.00000E+00  0.00000E+00  3.93197E-01  0.00000E+00 -1.94676E+00 -1.94680E+00  1.00000E+00
2015  1 16   169.00  9.48835E-01  0.00000E+00  0.00000E+00  0.00000E+00  9.49331E-01  0.00000E+00  9.48835E-01  9.49331E-01  1.00000E+00
2015  1 17   170.00  4.22759E-01  0.00000E+00  0.00000E+00  0.00000E+00  4.22757E-01  0.00000E+00  2.82759E-01  2.82757E-01  1.00000E+00
2015  1 18   171.00  2.90976E-01  0.00000E+00  0.00000E+00  0.00000E+00  2.90943E-01  0.00000E+00  1.80976E-01  1.80943E-01  1.00000E+00
2015  1 19   172.00  2.22449E-01  0.00000E+00  0.00000E+00  0.00000E+00  2.22439E-01  0.00000E+00  5.24492E-02  5.24392E-02  1.00000E+00
2015  1 20   173.00  1.60248E-01  0.00000E+00  0.00000E+00  0.00000E+00  1.60479E-01  0.00000E+00 -4.19975E+00 -4.19952E+00  1.00000E+00
2015  1 21   174.00  1.71845E-01  0.00000E+00  0.00000E+00  0.00000E+00  1.72096E-01  0.00000E+00  1.71845E-01  1.72096E-01  1.00000E+00
2015  1 22   175.00  1.77116E-01  0.00000E+00  0.00000E+00  0.00000E+00  1.77107E-01  0.00000E+00 -5.28841E-02 -5.28931E-02  1.00000E+00
2015  1 23   176.00  2.86759E-01  0.00000E+00  0.00000E+00  0.00000E+00  2.86772E-01  0.00000E+00  7.67591E-02  7.67724E-02  1.00000E+00
2015  1 24   177.00  3.21550E-01  0.00000E+00  0.00000E+00  0.00000E+00  3.21553E-01  0.00000E+00  1.51550E-01  1.51553E-01  1.00000E+00
2015  1 25   178.00  3.05736E-01  0.00000E+00  0.00000E+00  0.00000E+00  3.05745E-01  0.00000E+00 -1.14264E-01 -1.14255E-01  1.00000E+00
2015  1 26   179.00  2.67782E-01  0.00000E+00  0.00000E+00  0.00000E+00  2.66995E-01  0.00000E+00 -3.63222E+00 -3.63301E+00  1.00000E+00
2015  1 27   180.00  4.45953E-01  0.00000E+00  0.00000E+00  0.00000E+00  4.46225E-01  0.00000E+00 -5.40474E-02 -5.37754E-02  1.00000E+00
2015  1 28   181.00  3.39472E-01  0.00000E+00  0.00000E+00  0.00000E+00  3.39091E-01  0.00000E+00 -4.13053E+00 -4.13091E+00  1.00000E+00
2015  1 29   182.00  5.97766E-01  0.00000E+00  0.00000E+00  0.00000E+00  5.98365E-01  0.00000E+00 -1.10222E+01 -1.10216E+01  1.00000E+00
2015  1 30   183.00  2.25612E-01  0.00000E+00  0.00000E+00  0.00000E+00  2.25795E-01  0.00000E+00 -4.25439E+00 -4.25421E+00  1.00000E+00
2015  1 31   184.00  4.38573E-01  0.00000E+00  0.00000E+00  0.00000E+00  4.38640E-01  0.00000E+00  1.85728E-02  1.86400E-02  1.00000E+00
2015  2  1   185.00  5.73518E-01  0.00000E+00  0.00000E+00  0.00000E+00  5.73392E-01  0.00000E+00 -3.56648E+00 -3.56661E+00  1.00000E+00
2015  2  2   186.00  5.97766E-01  0.00000E+00  0.00000E+00  0.00000E+00  5.97703E-01  0.00000E+00  5.97766E-01  5.97703E-01  1.00000E+00
2015  2  3   187.00  4.73363E-01  0.00000E+00  0.00000E+00  0.00000E+00  4.73296E-01  0.00000E+00 -6.56637E-01 -6.56704E-01  1.00000E+00
2015  2  4   188.00  5.22914E-01  0.00000E+00  0.00000E+00  0.00000E+00  5.22902E-01  0.00000E+00  3.12914E-01  3.12902E-01  1.00000E+00
2015  2  5   189.00  4.07999E-01  0.00000E+00  0.00000E+00  0.00000E+00  4.07998E-01  0.00000E+00  1.97999E-01  1.97998E-01  1.00000E+00
2015  2  6   190.00  2.44589E-01  0.00000E+00  0.00000E+00  0.00000E+00  2.44599E-01  0.00000E+00  2.44589E-01  2.44599E-01  1.00000E+00
2015  2  7   191.00  4.31193E-01  0.00000E+00  0.00000E+00  0.00000E+00  4.31045E-01  0.00000E+00 -8.68807E-01 -8.68955E-01  1.00000E+00
2015  2  8   192.00  1.57928E+00  0.00000E+00  0.00000E+00  0.00000E+00  1.57954E+00  0.00000E+00  1.50928E+00  1.50954E+00  1.00000E+00
2015  2  9   193.00  5.42945E-01  0.00000E+00  0.00000E+00  0.00000E+00  5.43107E-01  0.00000E+00 -1.18706E+00 -1.18689E+00  1.00000E+00
2015  2 10   194.00  6.08309E-01  0.00000E+00  0.00000E+00  0.00000E+00  6.08480E-01  0.00000E+00  4.48309E-01  4.48480E-01  1.00000E+00
2015  2 11   195.00  3.67937E-01  0.00000E+00  0.00000E+00  0.00000E+00  3.67876E-01  0.00000E+00  2.77937E-01  2.77876E-01  1.00000E+00
2015  2 12   196.00  4.59658E-01  0.00000E+00  0.00000E+00  0.00000E+00  4.59788E-01  0.00000E+00  3.99658E-01  3.99788E-01  1.00000E+00
2015  2 13   197.00  2.68837E-01  0.00000E+00  0.00000E+00  0.00000E+00  2.68986E-01  0.00000E+00  1.58837E-01  1.58986E-01  1.00000E+00
2015  2 14   198.00  7.28495E-01  0.00000E+00  0.00000E+00  0.00000E+00  7.28527E-01  0.00000E+00  5.88495E-01  5.88527E-01  1.00000E+00
2015  2 15   199.00  7.68557E-01  0.00000E+00  0.00000E+00  0.00000E+00  7.68545E-01  0.00000E+00  5.18557E-01  5.18545E-01  1.00000E+00
2015  2 16   200.00  6.14634E-01  0.00000E+00  0.00000E+00  0.00000E+00  6.14635E-01  0.00000E+00  5.14634E-01  5.14635E-01  1.00000E+00
2015  2 17   201.00  9.38293E-01  0.00000E+00  0.00000E+00  0.00000E+00  9.38285E-01  0.00000E+00  8.18293E-01  8.18285E-01  1.00000E+00
2015  2 18   202.00  9.01394E-01  0.00000E+00  0.00000E+00  0.00000E+00  9.01372E-01  0.00000E+00  3.41394E-01  3.41372E-01  1.00000E+00
2015  2 19   203.00  1.46437E+00  0.00000E+00  0.00000E+00  0.00000E+00  1.46472E+00  0.00000E+00  1.24437E+00  1.24472E+00  1.00000E+00
2015  2 20   204.00  8.97177E-01  0.00000E+00  0.00000E+00  0.00000E+00  8.97373E-01  0.00000E+00  3.77177E-01  3.77373E-01  1.00000E+00
2015  2 21   205.00  1.79224E+00  0.00000E+00  0.00000E+00  0.00000E+00  1.79250E+00  0.00000E+00  1.35224E+00  1.35250E+00  1.00000E+00
2015  2 22   206.00  7.54851E-01  0.00000E+00  0.00000E+00  0.00000E+00  7.54644E-01  0.00000E+00  2.54851E-01  2.54644E-01  1.00000E+00
2015  2 23   207.00  7.54851E-01  0.00000E+00  0.00000E+00  0.00000E+00  7.55233E-01  0.00000E+00 -5.65149E-01 -5.64767E-01  1.00000E+00
2015  2 24   208.00  1.18815E+00  0.00000E+00  0.00000E+00  0.00000E+00  1.18826E+00  0.00000E+00  6.28153E-01  6.28258E-01  1.00000E+00
2015  2 25   209.00  1.02369E+00  0.00000E+00  0.00000E+00  0.00000E+00  1.02376E+00  0.00000E+00  3.43688E-01  3.43757E-01  1.00000E+00
2015  2 26   210.00  1.34735E+00  0.00000E+00  0.00000E+00  0.00000E+00  1.34752E+00  0.00000E+00  8.67346E-01  8.67519E-01  1.00000E+00
2015  2 27   211.00  1.31994E+00  0.00000E+00  0.00000E+00  0.00000E+00  1.32004E+00  0.00000E+00  6.79935E-01  6.80042E-01  1.00000E+00
2015  2 28   212.00  1.07429E+00  0.00000E+00  0.00000E+00  0.00000E+00  1.07428E+00  0.00000E+00 -1.57075E-02 -1.57204E-02  1.00000E+00
2015  3  1   213.00  6.70510E-01  0.00000E+00  0.00000E+00  0.00000E+00  6.70317E-01  0.00000E+00 -1.51949E+00 -1.51968E+00  1.00000E+00
2015  3  2   214.00  1.00471E+00  0.00000E+00  0.00000E+00  0.00000E+00  1.00481E+00  0.00000E+00 -1.83529E+00 -1.83519E+00  1.00000E+00
2015  3  3   215.00  1.30834E+00  0.00000E+00  0.00000E+00  0.00000E+00  1.30798E+00  0.00000E+00 -3.70166E+00 -3.70202E+00  1.00000E+00
2015  3  4   216.00  1.18394E+00  0.00000E+00  0.00000E+00  0.00000E+00  1.18419E+00  0.00000E+00 -1.55606E+00 -1.55581E+00  1.00000E+00
2015  3  5   217.00  7.06355E-01  0.00000E+00  0.00000E+00  0.00000E+00  7.06526E-01  0.00000E+00 -4.93645E-01 -4.93474E-01  1.00000E+00
2015  3  6   218.00  7.43254E-01  0.00000E+00  0.00000E+00  0.00000E+00  7.43114E-01  0.00000E+00 -1.36746E-01 -1.36886E-01  1.00000E+00
2015  3  7   219.00  1.89135E+00  0.00000E+00  0.00000E+00  0.00000E+00  1.89163E+00  0.00000E+00  1.75135E+00  1.75163E+00  1.00000E+00
2015  3  8   220.00  2.91187E+00  0.00000E+00  0.00000E+00  0.00000E+00  2.91208E+00  0.00000E+00  2.71187E+00  2.71208E+00  1.00000E+00
2015  3  9   221.00  1.31572E+00  0.00000E+00  0.00000E+00  0.00000E+00  1.31552E+00  0.00000E+00  7.85718E-01  7.85524E-01  1.00000E+00
2015  3 10   222.00  8.30758E-01  0.00000E+00  0.00000E+00  0.00000E+00  8.31077E-01  0.00000E+00  1.07581E-02  1.10773E-02  1.00000E+00
2015  3 11   223.00  9.92060E-01  0.00000E+00  0.00000E+00  0.00000E+00  9.92056E-01  0.00000E+00  5.82060E-01  5.82056E-01  1.00000E+00
2015  3 12   224.00  6.38882E-01  0.00000E+00  0.00000E+00  0.00000E+00  6.38842E-01  0.00000E+00  1.58882E-01  1.58842E-01  1.00000E+00
2015  3 13   225.00  1.31361E+00  0.00000E+00  0.00000E+00  0.00000E+00  1.31370E+00  0.00000E+00  9.63610E-01  9.63702E-01  1.00000E+00
2015  3 14   226.00  6.64185E-01  0.00000E+00  0.00000E+00  0.00000E+00  6.63984E-01  0.00000E+00  1.24185E-01  1.23984E-01  1.00000E+00
2015  3 15   227.00  8.17053E-01  0.00000E+00  0.00000E+00  0.00000E+00  8.16827E-01  0.00000E+00  2.57053E-01  2.56827E-01  1.00000E+00
2015  3 16   228.00  1.12068E+00  0.00000E+00  0.00000E+00  0.00000E+00  1.12085E+00  0.00000E+00  6.30680E-01  6.30850E-01  1.00000E+00
2015  3 17   229.00  2.52917E+00  0.00000E+00  0.00000E+00  0.00000E+00  2.52936E+00  0.00000E+00  2.24917E+00  2.24936E+00  1.00000E+00
2015  3 18   230.00  2.92874E+00  0.00000E+00  0.00000E+00  0.00000E+00  2.92886E+00  0.00000E+00  2.72874E+00  2.72886E+00  1.00000E+00
2015  3 19   231.00  2.29618E+00  0.00000E+00  0.00000E+00  0.00000E+00  2.29608E+00  0.00000E+00  2.14618E+00  2.14608E+00  1.00000E+00
2015  3 20   232.00  2.05897E+00  0.00000E+00  0.00000E+00  0.00000E+00  2.05894E+00  0.00000E+00  1.90897E+00  1.90894E+00  1.00000E+00
2015  3 21   233.00  6.75782E-01  0.00000E+00  0.00000E+00  0.00000E+00  6.75865E-01  0.00000E+00 -6.18422E+00 -6.18413E+00  1.00000E+00
2015  3 22   234.00  1.83863E+00  0.00000E+00  0.00000E+00  0.00000E+00  1.83889E+00  0.00000E+00  1.77863E+00  1.77889E+00  1.00000E+00
2015  3 23   235.00  2.17705E+00  0.00000E+00  0.00000E+00  0.00000E+00  2.17727E+00  0.00000E+00  1.91705E+00  1.91727E+00  1.00000E+00
2015  3 24   236.00  1.36738E+00  0.00000E+00  0.00000E+00  0.00000E+00  1.36740E+00  0.00000E+00  1.28738E+00  1.28740E+00  1.00000E+00
2015  3 25   237.00  2.32886E+00  0.00000E+00  0.00000E+00  0.00000E+00  2.32895E+00  0.00000E+00  2.23886E+00  2.23895E+00  1.00000E+00
2015  3 26   238.00  8.50789E-01  0.00000E+00  0.00000E+00  0.00000E+00  8.50208E-01  0.00000E+00  1.60789E-01  1.60208E-01  1.00000E+00
2015  3 27   239.00  1.25141E+00  0.00000E+00  0.00000E+00  0.00000E+00  1.25137E+00  0.00000E+00  9.31408E-01  9.31372E-01  1.00000E+00
2015  3 28   240.00  1.47280E+00  0.00000E+00  0.00000E+00  0.00000E+00  1.47296E+00  0.00000E+00  1.30280E+00  1.30296E+00  1.00000E+00
2015  3 29   241.00  1.31466E+00  0.00000E+00  0.00000E+00  0.00000E+00  1.31447E+00  0.00000E+00 -4.29534E+00 -4.29553E+00  1.00000E+00
2015  3 30   242.00  1.39057E+00  0.00000E+00  0.00000E+00  0.00000E+00  1.39001E+00  0.00000E+00 -8.30943E+00 -8.30999E+00  1.00000E+00
2015  3 31   243.00  1.24508E+00  0.00000E+00  0.00000E+00  0.00000E+00  1.24597E+00  0.00000E+00 -8.85492E+00 -8.85403E+00  1.00000E+00
2015  4  1   244.00  1.47913E+00  0.00000E+00  0.00000E+00  0.00000E+00  1.47934E+00  0.00000E+00 -3.81087E+00 -3.81066E+00  1.00000E+00
2015  4  2   245.00  1.70052E+00  0.00000E+00  0.00000E+00  0.00000E+00  1.70049E+00  0.00000E+00 -7.89476E-01 -7.89508E-01  1.00000E+00
2015  4  3   246.00  2.20235E+00  0.00000E+00  0.00000E+00  0.00000E+00  2.20262E+00  0.00000E+00  2.17235E+00  2.17262E+00  1.00000E+00
2015  4  4   247.00  2.10009E+00  0.00000E+00  0.00000E+00  0.00000E+00  2.09993E+00  0.00000E+00  1.91009E+00  1.90993E+00  1.00000E+00
2015  4  5   248.00  2.47962E+00  0.00000E+00  0.00000E+00  0.00000E+00  2.47965E+00  0.00000E+00  2.13962E+00  2.13965E+00  1.00000E+00
2015  4  6   249.00  1.79646E+00  0.00000E+00  0.00000E+00  0.00000E+00  1.79653E+00  0.00000E+00  1.28646E+00  1.28653E+00  1.00000E+00
2015  4  7   250.00  1.98623E+00  0.00000E+00  0.00000E+00  0.00000E+00  1.98618E+00  0.00000E+00  1.65623E+00  1.65618E+00  1.00000E+00
2015  4  8   251.00  1.23665E+00  0.00000E+00  0.00000E+00  0.00000E+00  1.23616E+00  0.00000E+00  8.36649E-01  8.36164E-01  1.00000E+00
2015  4  9   252.00  2.14015E+00  0.00000E+00  0.00000E+00  0.00000E+00  2.14043E+00  0.00000E+00  1.64015E+00  1.64043E+00  1.00000E+00
2015  4 10   253.00  2.95299E+00  0.00000E+00  0.00000E+00  0.00000E+00  2.95315E+00  0.00000E+00  2.66299E+00  2.66315E+00  1.00000E+00
2015  4 11   254.00  3.63615E+00  0.00000E+00  0.00000E+00  0.00000E+00  3.63602E+00  0.00000E+00  1.96615E+00  1.96602E+00  1.00000E+00
2015  4 12   255.00  3.11745E+00  0.00000E+00  0.00000E+00  0.00000E+00  3.11763E+00  0.00000E+00  3.08745E+00  3.08763E+00  1.00000E+00
2015  4 13   256.00  3.15962E+00  0.00000E+00  0.00000E+00  0.00000E+00  3.15931E+00  0.00000E+00  2.62962E+00  2.62931E+00  1.00000E+00
2015  4 14   257.00  2.11063E+00  0.00000E+00  0.00000E+00  0.00000E+00  2.11038E+00  0.00000E+00  1.99063E+00  1.99038E+00  1.00000E+00
2015  4 15   258.00  4.29084E+00  0.00000E+00  0.00000E+00  0.00000E+00  4.29104E+00  0.00000E+00  3.90084E+00  3.90104E+00  1.00000E+00
2015  4 16   259.00  3.12694E+00  0.00000E+00  0.00000E+00  0.00000E+00  3.12674E+00  0.00000E+00  2.88694E+00  2.88674E+00  1.00000E+00
2015  4 17   260.00  2.35100E+00  0.00000E+00  0.00000E+00  0.00000E+00  2.35112E+00  0.00000E+00  2.04100E+00  2.04112E+00  1.00000E+00
2015  4 18   261.00  2.22344E+00  0.00000E+00  0.00000E+00  0.00000E+00  2.22345E+00  0.00000E+00  1.82344E+00  1.82345E+00  1.00000E+00
2015  4 19   262.00  2.75689E+00  0.00000E+00  0.00000E+00  0.00000E+00  2.75698E+00  0.00000E+00  2.51689E+00  2.51698E+00  1.00000E+00
2015  4 20   263.00  3.50015E+00  0.00000E+00  0.00000E+00  0.00000E+00  3.50021E+00  0.00000E+00  3.22015E+00  3.22021E+00  1.00000E+00
2015  4 21   264.00  4.43212E+00  0.00000E+00  0.00000E+00  0.00000E+00  4.43213E+00  0.00000E+00  4.21212E+00  4.21213E+00  1.00000E+00
2015  4 22   265.00  2.29829E+00  0.00000E+00  0.00000E+00  0.00000E+00  2.29778E+00  0.00000E+00  2.13829E+00  2.13778E+00  1.00000E+00
2015  4 23   266.00  4.05680E+00  0.00000E+00  0.00000E+00  0.00000E+00  4.05679E+00  0.00000E+00  3.96680E+00  3.96679E+00  1.00000E+00
2015  4 24   267.00  3.24080E+00  0.00000E+00  0.00000E+00  0.00000E+00  3.24023E+00  0.00000E+00  3.02080E+00  3.02023E+00  1.00000E+00
2015  4 25   268.00  2.99305E+00  0.00000E+00  0.00000E+00  0.00000E+00  2.99286E+00  0.00000E+00  2.78305E+00  2.78286E+00  1.00000E+00
2015  4 26   269.00  2.21289E+00  0.00000E+00  0.00000E+00  0.00000E+00  2.21215E+00  0.00000E+00 -6.27105E-01 -6.27847E-01  1.00000E+00
2015  4 27   270.00  6.01983E-01  0.00000E+00  0.00000E+00  0.00000E+00  6.02570E-01  0.00000E+00 -5.83802E+00 -5.83743E+00  1.00000E+00
2015  4 28   271.00  1.24192E+00  0.00000E+00  0.00000E+00  0.00000E+00  1.24216E+00  0.00000E+00  1.06192E+00  1.06216E+00  1.00000E+00
2015  4 29   272.00  3.24713E+00  0.00000E+00  0.00000E+00  0.00000E+00  3.24728E+00  0.00000E+00  3.06713E+00  3.06728E+00  1.00000E+00
2015  4 30   273.00  2.51336E+00  0.00000E+00  0.00000E+00  0.00000E+00  2.51389E+00  0.00000E+00 -5.96664E+00 -5.96611E+00  1.00000E+00
2015  5  1   274.00  2.52812E+00  0.00000E+00  0.00000E+00  0.00000E+00  2.52861E+00  0.00000E+00  1.21812E+00  1.21861E+00  1.00000E+00
2015  5  2   275.00  3.09004E+00  0.00000E+00  0.00000E+00  0.00000E+00  3.09025E+00  0.00000E+00  3.00004E+00  3.00025E+00  1.00000E+00
2015  5  3   276.00  3.96191E+00  0.00000E+00  0.00000E+00  0.00000E+00  3.96191E+00  0.00000E+00  3.16191E+00  3.16191E+00  1.00000E+00
2015  5  4   277.00  3.30300E+00  0.00000E+00  0.00000E+00  0.00000E+00  3.30271E+00  0.00000E+00 -2.41700E+00 -2.41729E+00  1.00000E+00
2015  5  5   278.00  2.05265E+00  0.00000E+00  0.00000E+00  0.00000E+00  2.05282E+00  0.00000E+00 -1.37735E+00 -1.37718E+00  1.00000E+00
2015  5  6   279.00  3.81326E+00  0.00000E+00  0.00000E+00  0.00000E+00  3.81362E+00  0.00000E+00  3.54326E+00  3.54362E+00  1.00000E+00
2015  5  7   280.00  3.30722E+00  0.00000E+00  0.00000E+00  0.00000E+00  3.30700E+00  0.00000E+00  6.87218E-01  6.87002E-01  1.00000E+00
2015  5  8   281.00  2.39739E+00  0.00000E+00  0.00000E+00  0.00000E+00  2.39762E+00  0.00000E+00  2.29739E+00  2.29762E+00  1.00000E+00
2015  5  9   282.00  2.58189E+00  0.00000E+00  0.00000E+00  0.00000E+00  2.58183E+00  0.00000E+00 -2.25811E+00 -2.25817E+00  1.00000E+00
2015  5 10   283.00  1.41693E+00  0.00000E+00  0.00000E+00  0.00000E+00  1.41722E+00  0.00000E+00  5.16927E-01  5.17218E-01  1.00000E+00
2015  5 11   284.00  3.31882E+00  0.00000E+00  0.00000E+00  0.00000E+00  3.31906E+00  0.00000E+00  3.27882E+00  3.27906E+00  1.00000E+00
2015  5 12   285.00  3.95559E+00  0.00000E+00  0.00000E+00  0.00000E+00  3.95602E+00  0.00000E+00 -5.53441E+00 -5.53398E+00  1.00000E+00
2015  5 13   286.00  3.29140E+00  0.00000E+00  0.00000E+00  0.00000E+00  3.29207E+00  0.00000E+00  3.29140E+00  3.29207E+00  1.00000E+00
2015  5 14   287.00  1.93668E+00  0.00000E+00  0.00000E+00  0.00000E+00  1.93673E+00  0.00000E+00 -5.73322E-01 -5.73269E-01  1.00000E+00
2015  5 15   288.00  2.72527E+00  0.00000E+00  0.00000E+00  0.00000E+00  2.72553E+00  0.00000E+00  2.56527E+00  2.56553E+00  1.00000E+00
2015  5 16   289.00  2.14858E+00  0.00000E+00  0.00000E+00  0.00000E+00  2.14849E+00  0.00000E+00  1.63858E+00  1.63849E+00  1.00000E+00
2015  5 17   290.00  2.89500E+00  0.00000E+00  0.00000E+00  0.00000E+00  2.89514E+00  0.00000E+00  2.52500E+00  2.52514E+00  1.00000E+00
2015  5 18   291.00  2.69575E+00  0.00000E+00  0.00000E+00  0.00000E+00  2.69574E+00  0.00000E+00  2.69575E+00  2.69574E+00  1.00000E+00
2015  5 19   292.00  3.36837E+00  0.00000E+00  0.00000E+00  0.00000E+00  3.36821E+00  0.00000E+00  3.36837E+00  3.36821E+00  1.00000E+00
2015  5 20   293.00  2.65147E+00  0.00000E+00  0.00000E+00  0.00000E+00  2.65102E+00  0.00000E+00  2.62147E+00  2.62102E+00  1.00000E+00
2015  5 21   294.00  3.44638E+00  0.00000E+00  0.00000E+00  0.00000E+00  3.44503E+00  0.00000E+00  3.40638E+00  3.40503E+00  1.00000E+00
2015  5 22   295.00  3.39788E+00  0.00000E+00  0.00000E+00  0.00000E+00  3.06137E+00  0.00000E+00  3.31788E+00  2.98137E+00  1.00000E+00
2015  5 23   296.00  2.09482E+00  0.00000E+00  0.00000E+00  0.00000E+00  2.09304E+00  0.00000E+00  2.01482E+00  2.01304E+00  1.00000E+00
2015  5 24   297.00  3.87441E+00  0.00000E+00  0.00000E+00  0.00000E+00  2.43970E+00  0.00000E+00  3.73441E+00  2.29970E+00  1.00000E+00
2015  5 25   298.00  3.40210E+00  0.00000E+00  0.00000E+00  0.00000E+00  1.91709E+00  0.00000E+00  3.39210E+00  1.90709E+00  1.00000E+00
2015  5 26   299.00  2.98989E+00  0.00000E+00  0.00000E+00  0.00000E+00  1.77155E+00  0.00000E+00  2.98989E+00  1.77155E+00  1.00000E+00
2015  5 27   300.00  2.12645E+00  0.00000E+00  0.00000E+00  0.00000E+00  1.74381E+00  0.00000E+00  2.04645E+00  1.66381E+00  1.00000E+00
2015  5 28   301.00  3.33674E+00  0.00000E+00  0.00000E+00  0.00000E+00  2.40521E+00  0.00000E+00  2.53674E+00  1.60521E+00  1.00000E+00
2015  5 29   302.00  3.37364E+00  0.00000E+00  0.00000E+00  0.00000E+00  1.92477E+00  0.00000E+00  2.98364E+00  1.53477E+00  1.00000E+00
2015  5 30   303.00  2.74108E+00  0.00000E+00  0.00000E+00  0.00000E+00  2.74185E+00  0.00000E+00 -1.09892E+00 -1.09815E+00  1.00000E+00
2015  5 31   304.00  3.83857E+00  0.00000E+00  0.00000E+00  0.00000E+00  3.03478E+00  0.00000E+00  3.83857E+00  3.03478E+00  1.00000E+00
2015  6  1   305.00  2.22238E+00  0.00000E+00  0.00000E+00  0.00000E+00  2.22028E+00  0.00000E+00  1.46238E+00  1.46028E+00  1.00000E+00
2015  6  2   306.00  4.39205E+00  0.00000E+00  0.00000E+00  0.00000E+00  1.71584E+00  0.00000E+00  4.29205E+00  1.61584E+00  1.00000E+00
2015  6  3   307.00  3.45376E+00  0.00000E+00  0.00000E+00  0.00000E+00  1.54351E+00  0.00000E+00  3.26376E+00  1.35351E+00  1.00000E+00
2015  6  4   308.00  4.61661E+00  0.00000E+00  0.00000E+00  0.00000E+00  1.33326E+00  0.00000E+00  4.55661E+00  1.27326E+00  1.00000E+00
2015  6  5   309.00  5.55069E+00  0.00000E+00  0.00000E+00  0.00000E+00  1.26788E+00  0.00000E+00  5.51069E+00  1.22788E+00  1.00000E+00
2015  6  6   310.00  4.78951E+00  0.00000E+00  0.00000E+00  0.00000E+00  1.19405E+00  0.00000E+00  4.78951E+00  1.19405E+00  1.00000E+00
2015  6  7   311.00  4.64824E+00  0.00000E+00  0.00000E+00  0.00000E+00  1.15330E+00  0.00000E+00  4.64824E+00  1.15330E+00  1.00000E+00
2015  6  8   312.00  4.05785E+00  0.00000E+00  0.00000E+00  0.00000E+00  1.14135E+00  0.00000E+00  4.02785E+00  1.11135E+00  1.00000E+00
2015  6  9   313.00  3.44427E+00  0.00000E+00  0.00000E+00  0.00000E+00  1.16527E+00  0.00000E+00  3.35427E+00  1.07527E+00  1.00000E+00
2015  6 10   314.00  4.24973E+00  0.00000E+00  0.00000E+00  0.00000E+00  1.15924E+00  0.00000E+00  4.13973E+00  1.04924E+00  1.00000E+00
2015  6 11   315.00  5.18380E+00  0.00000E+00  0.00000E+00  0.00000E+00  1.11835E+00  0.00000E+00  5.09380E+00  1.02835E+00  1.00000E+00
2015  6 12   316.00  4.12322E+00  0.00000E+00  0.00000E+00  0.00000E+00  1.07581E+00  0.00000E+00  4.04322E+00  9.95815E-01  1.00000E+00
2015  6 13   317.00  4.56495E+00  0.00000E+00  0.00000E+00  0.00000E+00  4.56550E+00  0.00000E+00 -2.77505E+00 -2.77450E+00  1.00000E+00
2015  6 14   318.00  1.84601E+00  0.00000E+00  0.00000E+00  0.00000E+00  1.84619E+00  0.00000E+00  1.76601E+00  1.76619E+00  1.00000E+00
2015  6 15   319.00  4.13798E+00  0.00000E+00  0.00000E+00  0.00000E+00  2.28684E+00  0.00000E+00  4.13798E+00  2.28684E+00  1.00000E+00
2015  6 16   320.00  2.22133E+00  0.00000E+00  0.00000E+00  0.00000E+00  1.31744E+00  0.00000E+00  2.19133E+00  1.28744E+00  1.00000E+00
2015  6 17   321.00  4.42790E+00  0.00000E+00  0.00000E+00  0.00000E+00  2.01659E+00  0.00000E+00  3.50790E+00  1.09659E+00  1.00000E+00
2015  6 18   322.00  2.03789E+00  0.00000E+00  0.00000E+00  0.00000E+00  2.03620E+00  0.00000E+00  2.67887E-01  2.66197E-01  1.00000E+00
2015  6 19   323.00  2.00521E+00  0.00000E+00  0.00000E+00  0.00000E+00  1.56907E+00  0.00000E+00  1.93521E+00  1.49907E+00  1.00000E+00
2015  6 20   324.00  2.34468E+00  0.00000E+00  0.00000E+00  0.00000E+00  2.34545E+00  0.00000E+00 -1.62532E+00 -1.62455E+00  1.00000E+00
2015  6 21   325.00  2.10852E+00  0.00000E+00  0.00000E+00  0.00000E+00  2.10864E+00  0.00000E+00  1.46852E+00  1.46864E+00  1.00000E+00
2015  6 22   326.00  2.64514E+00  0.00000E+00  0.00000E+00  0.00000E+00  2.64522E+00  0.00000E+00 -9.84858E-01 -9.84777E-01  1.00000E+00
2015  6 23   327.00  1.11119E+00  0.00000E+00  0.00000E+00  0.00000E+00  1.11150E+00  0.00000E+00 -1.69881E+00 -1.69850E+00  1.00000E+00
2015  6 24   328.00  1.53395E+00  0.00000E+00  0.00000E+00  0.00000E+00  1.53413E+00  0.00000E+00  1.47395E+00  1.47413E+00  1.00000E+00
2015  6 25   329.00  3.16384E+00  0.00000E+00  0.00000E+00  0.00000E+00  3.16348E+00  0.00000E+00  1.82384E+00  1.82348E+00  1.00000E+00
2015  6 26   330.00  2.09165E+00  0.00000E+00  0.00000E+00  0.00000E+00  2.09090E+00  0.00000E+00  1.64165E+00  1.64090E+00  1.00000E+00
2015  6 27   331.00  1.76062E+00  0.00000E+00  0.00000E+00  0.00000E+00  1.75960E+00  0.00000E+00  5.40617E-01  5.39599E-01  1.00000E+00
2015  6 28   332.00  3.33147E+00  0.00000E+00  0.00000E+00  0.00000E+00  1.94439E+00  0.00000E+00  3.29147E+00  1.90439E+00  1.00000E+00
2015  6 29   333.00  3.69624E+00  0.00000E+00  0.00000E+00  0.00000E+00  2.49922E+00  0.00000E+00  2.29624E+00  1.09922E+00  1.00000E+00
2015  6 30   334.00  4.39100E+00  0.00000E+00  0.00000E+00  0.00000E+00  1.02635E+00  0.00000E+00  4.33100E+00  9.66355E-01  1.00000E+00
2015  7  1   335.00  4.98771E+00  0.00000E+00  0.00000E+00  0.00000E+00  9.94819E-01  0.00000E+00  4.87771E+00  8.84819E-01  1.00000E+00
2015  7  2   336.00  5.57810E+00  0.00000E+00  0.00000E+00  0.00000E+00  8.82165E-01  0.00000E+00  5.52810E+00  8.32165E-01  1.00000E+00
2015  7  3   337.00  5.70988E+00  0.00000E+00  0.00000E+00  0.00000E+00  8.59487E-01  0.00000E+00  5.63988E+00  7.89487E-01  1.00000E+00
2015  7  4   338.00  5.91019E+00  0.00000E+00  0.00000E+00  0.00000E+00  9.08992E-01  0.00000E+00  5.76019E+00  7.58992E-01  1.00000E+00
2015  7  5   339.00  5.73518E+00  0.00000E+00  0.00000E+00  0.00000E+00  3.34198E+00  0.00000E+00  3.12518E+00  7.31983E-01  1.00000E+00
2015  7  6   340.00  4.84644E+00  0.00000E+00  0.00000E+00  0.00000E+00  1.96809E+00  0.00000E+00  3.58644E+00  7.08088E-01  1.00000E+00
2015  7  7   341.00  5.55807E+00  0.00000E+00  0.00000E+00  0.00000E+00  2.80075E+00  0.00000E+00  3.44807E+00  6.90750E-01  1.00000E+00
2015  7  8   342.00  3.63088E+00  0.00000E+00  0.00000E+00  0.00000E+00  3.50706E+00  0.00000E+00  7.90877E-01  6.67060E-01  1.00000E+00
2015  7  9   343.00  3.85965E+00  0.00000E+00  0.00000E+00  0.00000E+00  7.58085E-01  0.00000E+00  3.74965E+00  6.48085E-01  1.00000E+00
2015  7 10   344.00  3.94188E+00  0.00000E+00  0.00000E+00  0.00000E+00  6.85009E-01  0.00000E+00  3.89188E+00  6.35009E-01  1.00000E+00
2015  7 11   345.00  4.21283E+00  0.00000E+00  0.00000E+00  0.00000E+00  6.94921E-01  0.00000E+00  4.14283E+00  6.24921E-01  1.00000E+00
2015  7 12   346.00  2.36998E+00  0.00000E+00  0.00000E+00  0.00000E+00  2.36938E+00  0.00000E+00  5.59980E-01  5.59385E-01  1.00000E+00
2015  7 13   347.00  2.26455E+00  0.00000E+00  0.00000E+00  0.00000E+00  2.26384E+00  0.00000E+00 -1.28154E+01 -1.28162E+01  1.00000E+00
2015  7 14   348.00  1.50021E+00  0.00000E+00  0.00000E+00  0.00000E+00  1.50046E+00  0.00000E+00  1.42021E+00  1.42046E+00  1.00000E+00
2015  7 15   349.00  4.06945E+00  0.00000E+00  0.00000E+00  0.00000E+00  4.06756E+00  0.00000E+00  4.02945E+00  4.02756E+00  1.00000E+00
2015  7 16   350.00  3.80588E+00  0.00000E+00  0.00000E+00  0.00000E+00  2.56212E+00  0.00000E+00  3.54588E+00  2.30212E+00  1.00000E+00
2015  7 17   351.00  4.36991E+00  0.00000E+00  0.00000E+00  0.00000E+00  1.57205E+00  0.00000E+00  4.28991E+00  1.49205E+00  1.00000E+00
2015  7 18   352.00  4.10002E+00  0.00000E+00  0.00000E+00  0.00000E+00  1.27193E+00  0.00000E+00  4.03002E+00  1.20193E+00  1.00000E+00
2015  7 19   353.00  1.12701E+00  0.00000E+00  0.00000E+00  0.00000E+00  1.12617E+00  0.00000E+00 -2.20330E+01 -2.20338E+01  1.00000E+00
2015  7 20   354.00  3.51491E+00  0.00000E+00  0.00000E+00  0.00000E+00  3.51529E+00  0.00000E+00  3.46491E+00  3.46529E+00  1.00000E+00
2015  7 21   355.00  3.47274E+00  0.00000E+00  0.00000E+00  0.00000E+00  3.47280E+00  0.00000E+00 -4.56726E+00 -4.56720E+00  1.00000E+00
2015  7 22   356.00  4.19174E+00  0.00000E+00  0.00000E+00  0.00000E+00  4.19174E+00  0.00000E+00  4.13174E+00  4.13174E+00  1.00000E+00
2015  7 23   357.00  4.40892E+00  0.00000E+00  0.00000E+00  0.00000E+00  4.40690E+00  0.00000E+00  4.40892E+00  4.40690E+00  1.00000E+00
2015  7 24   358.00  4.09581E+00  0.00000E+00  0.00000E+00  0.00000E+00  3.30291E+00  0.00000E+00  4.09581E+00  3.30291E+00  1.00000E+00
2015  7 25   359.00  4.27398E+00  0.00000E+00  0.00000E+00  0.00000E+00  2.59516E+00  0.00000E+00  3.78398E+00  2.10516E+00  1.00000E+00
2015  7 26   360.00  3.52229E+00  0.00000E+00  0.00000E+00  0.00000E+00  3.09934E+00  0.00000E+00  2.11229E+00  1.68934E+00  1.00000E+00
2015  7 27   361.00  2.25085E+00  0.00000E+00  0.00000E+00  0.00000E+00  2.25056E+00  0.00000E+00 -1.34192E+01 -1.34194E+01  1.00000E+00
2015  7 28   362.00  2.76322E+00  0.00000E+00  0.00000E+00  0.00000E+00  2.76366E+00  0.00000E+00  2.26322E+00  2.26366E+00  1.00000E+00
2015  7 29   363.00  3.10375E+00  0.00000E+00  0.00000E+00  0.00000E+00  3.10337E+00  0.00000E+00 -1.04625E+00 -1.04663E+00  1.00000E+00
2015  7 30   364.00  1.99466E+00  0.00000E+00  0.00000E+00  0.00000E+00  1.99509E+00  0.00000E+00  1.11466E+00  1.11509E+00  1.00000E+00
2015  7 31   365.00  2.76217E+00  0.00000E+00  0.00000E+00  0.00000E+00  2.76217E+00  0.00000E+00  2.72217E+00  2.72217E+00  1.00000E+00
2015  8  1   366.00  4.18436E+00  0.00000E+00  0.00000E+00  0.00000E+00  3.86195E+00  0.00000E+00  4.18436E+00  3.86195E+00  1.00000E+00
2015  8  2   367.00  5.09419E+00  0.00000E+00  0.00000E+00  0.00000E+00  2.18706E+00  0.00000E+00  5.09419E+00  2.18706E+00  1.00000E+00
2015  8  3   368.00  5.01407E+00  0.00000E+00  0.00000E+00  0.00000E+00  1.65760E+00  0.00000E+00  5.01407E+00  1.65760E+00  1.00000E+00
2015  8  4   369.00  5.86275E+00  0.00000E+00  0.00000E+00  0.00000E+00  1.48872E+00  0.00000E+00  5.78275E+00  1.40872E+00  1.00000E+00
2015  8  5   370.00  2.67782E+00  0.00000E+00  0.00000E+00  0.00000E+00  2.67610E+00  0.00000E+00  5.07824E-01  5.06102E-01  1.00000E+00
2015  8  6   371.00  4.83695E+00  0.00000E+00  0.00000E+00  0.00000E+00  1.87783E+00  0.00000E+00  4.65695E+00  1.69783E+00  1.00000E+00
2015  8  7   372.00  5.51273E+00  0.00000E+00  0.00000E+00  0.00000E+00  1.10726E+00  0.00000E+00  5.51273E+00  1.10726E+00  1.00000E+00
2015  8  8   373.00  3.83751E+00  0.00000E+00  0.00000E+00  0.00000E+00  1.05350E+00  0.00000E+00  3.78751E+00  1.00350E+00  1.00000E+00
2015  8  9   374.00  4.92973E+00  0.00000E+00  0.00000E+00  0.00000E+00  9.99405E-01  0.00000E+00  4.86973E+00  9.39405E-01  1.00000E+00
2015  8 10   375.00  4.62188E+00  0.00000E+00  0.00000E+00  0.00000E+00  9.07580E-01  0.00000E+00  4.59188E+00  8.77580E-01  1.00000E+00
2015  8 11   376.00  4.70622E+00  0.00000E+00  0.00000E+00  0.00000E+00  1.42377E+00  0.00000E+00  4.11622E+00  8.33773E-01  1.00000E+00
2015  8 12   377.00  3.09953E+00  0.00000E+00  0.00000E+00  0.00000E+00  9.03876E-01  0.00000E+00  2.98953E+00  7.93876E-01  1.00000E+00
2015  8 13   378.00  4.08105E+00  0.00000E+00  0.00000E+00  0.00000E+00  1.28397E+00  0.00000E+00  3.56105E+00  7.63970E-01  1.00000E+00
2015  8 14   379.00  5.45580E+00  0.00000E+00  0.00000E+00  0.00000E+00  7.32230E-01  0.00000E+00  5.45580E+00  7.32230E-01  1.00000E+00
2015  8 15   380.00  3.84489E+00  0.00000E+00  0.00000E+00  0.00000E+00  2.26908E+00  0.00000E+00  2.28489E+00  7.09080E-01  1.00000E+00
2015  8 16   381.00  3.93240E+00  0.00000E+00  0.00000E+00  0.00000E+00  1.13572E+00  0.00000E+00  3.48240E+00  6.85716E-01  1.00000E+00
2015  8 17   382.00  4.56495E+00  0.00000E+00  0.00000E+00  0.00000E+00  1.30045E+00  0.00000E+00  3.92495E+00  6.60452E-01  1.00000E+00
2015  8 18   383.00  4.93078E+00  0.00000E+00  0.00000E+00  0.00000E+00  6.54169E-01  0.00000E+00  4.92078E+00  6.44169E-01  1.00000E+00
2015  8 19   384.00  5.26393E+00  0.00000E+00  0.00000E+00  0.00000E+00  6.96592E-01  0.00000E+00  5.19393E+00  6.26592E-01  1.00000E+00
2015  8 20   385.00  4.76737E+00  0.00000E+00  0.00000E+00  0.00000E+00  6.61862E-01  0.00000E+00  4.71737E+00  6.11862E-01  1.00000E+00
2015  8 21   386.00  4.50170E+00  0.00000E+00  0.00000E+00  0.00000E+00  6.33006E-01  0.00000E+00  4.46170E+00  5.93006E-01  1.00000E+00
2015  8 22   387.00  4.51118E+00  0.00000E+00  0.00000E+00  0.00000E+00  5.80342E-01  0.00000E+00  4.51118E+00  5.80342E-01  1.00000E+00
2015  8 23   388.00  4.01357E+00  0.00000E+00  0.00000E+00  0.00000E+00  5.66612E-01  0.00000E+00  4.01357E+00  5.66612E-01  1.00000E+00
2015  8 24   389.00  3.14381E+00  0.00000E+00  0.00000E+00  0.00000E+00  1.87364E+00  0.00000E+00  1.82381E+00  5.53641E-01  1.00000E+00
2015  8 25   390.00  2.72105E+00  0.00000E+00  0.00000E+00  0.00000E+00  2.72004E+00  0.00000E+00 -7.89511E-02 -7.99611E-02  1.00000E+00
2015  8 26   391.00  3.84805E+00  0.00000E+00  0.00000E+00  0.00000E+00  1.05689E+00  0.00000E+00  3.78805E+00  9.96894E-01  1.00000E+00
2015  8 27   392.00  2.83385E+00  0.00000E+00  0.00000E+00  0.00000E+00  2.83459E+00  0.00000E+00 -1.14615E+00 -1.14541E+00  1.00000E+00
2015  8 28   393.00  1.86815E+00  0.00000E+00  0.00000E+00  0.00000E+00  1.86848E+00  0.00000E+00 -6.31185E+00 -6.31152E+00  1.00000E+00
2015  8 29   394.00  3.06790E+00  0.00000E+00  0.00000E+00  0.00000E+00  3.06681E+00  0.00000E+00  2.77790E+00  2.77681E+00  1.00000E+00
2015  8 30   395.00  2.24979E+00  0.00000E+00  0.00000E+00  0.00000E+00  2.24940E+00  0.00000E+00  3.79794E-01  3.79397E-01  1.00000E+00
2015  8 31   396.00  3.63193E+00  0.00000E+00  0.00000E+00  0.00000E+00  2.62182E+00  0.00000E+00  3.46193E+00  2.45182E+00  1.00000E+00
2015  9  1   397.00  3.85016E+00  0.00000E+00  0.00000E+00  0.00000E+00  2.24365E+00  0.00000E+00  2.78016E+00  1.17365E+00  1.00000E+00
2015  9  2   398.00  3.18387E+00  0.00000E+00  0.00000E+00  0.00000E+00  1.09807E+00  0.00000E+00  2.99387E+00  9.08070E-01  1.00000E+00
2015  9  3   399.00  1.97147E+00  0.00000E+00  0.00000E+00  0.00000E+00  1.83480E+00  0.00000E+00  9.31469E-01  7.94800E-01  1.00000E+00
2015  9  4   400.00  2.64409E+00  0.00000E+00  0.00000E+00  0.00000E+00  1.74950E+00  0.00000E+00  1.60409E+00  7.09505E-01  1.00000E+00
2015  9  5   401.00  2.45643E+00  0.00000E+00  0.00000E+00  0.00000E+00  2.45704E+00  0.00000E+00 -1.10357E+00 -1.10296E+00  1.00000E+00
2015  9  6   402.00  1.91665E+00  0.00000E+00  0.00000E+00  0.00000E+00  1.91614E+00  0.00000E+00 -1.30534E+01 -1.30539E+01  1.00000E+00
2015  9  7   403.00  2.75584E+00  0.00000E+00  0.00000E+00  0.00000E+00  2.75609E+00  0.00000E+00  2.63584E+00  2.63609E+00  1.00000E+00
2015  9  8   404.00  2.73159E+00  0.00000E+00  0.00000E+00  0.00000E+00  2.73110E+00  0.00000E+00  2.51159E+00  2.51110E+00  1.00000E+00
2015  9  9   405.00  1.85761E+00  0.00000E+00  0.00000E+00  0.00000E+00  1.85711E+00  0.00000E+00  1.16761E+00  1.16711E+00  1.00000E+00
2015  9 10   406.00  2.44905E+00  0.00000E+00  0.00000E+00  0.00000E+00  2.44906E+00  0.00000E+00  1.35905E+00  1.35906E+00  1.00000E+00
2015  9 11   407.00  1.22611E+00  0.00000E+00  0.00000E+00  0.00000E+00  1.22687E+00  0.00000E+00 -6.34389E+00 -6.34313E+00  1.00000E+00
2015  9 12   408.00  2.24979E+00  0.00000E+00  0.00000E+00  0.00000E+00  2.25026E+00  0.00000E+00  1.01979E+00  1.02026E+00  1.00000E+00
2015  9 13   409.00  2.13910E+00  0.00000E+00  0.00000E+00  0.00000E+00  2.13901E+00  0.00000E+00  2.11910E+00  2.11901E+00  1.00000E+00
2015  9 14   410.00  2.53972E+00  0.00000E+00  0.00000E+00  0.00000E+00  2.53958E+00  0.00000E+00  8.39716E-01  8.39577E-01  1.00000E+00
2015  9 15   411.00  2.71367E+00  0.00000E+00  0.00000E+00  0.00000E+00  2.71466E+00  0.00000E+00 -5.32633E+00 -5.32534E+00  1.00000E+00
2015  9 16   412.00  1.83020E+00  0.00000E+00  0.00000E+00  0.00000E+00  1.83046E+00  0.00000E+00  1.43020E+00  1.43046E+00  1.00000E+00
2015  9 17   413.00  3.07317E+00  0.00000E+00  0.00000E+00  0.00000E+00  3.07265E+00  0.00000E+00 -2.66828E-01 -2.67353E-01  1.00000E+00
2015  9 18   414.00  2.82226E+00  0.00000E+00  0.00000E+00  0.00000E+00  2.82217E+00  0.00000E+00  2.65226E+00  2.65217E+00  1.00000E+00
2015  9 19   415.00  2.67255E+00  0.00000E+00  0.00000E+00  0.00000E+00  2.67170E+00  0.00000E+00  1.96255E+00  1.96170E+00  1.00000E+00
2015  9 20   416.00  1.70474E+00  0.00000E+00  0.00000E+00  0.00000E+00  1.70459E+00  0.00000E+00 -9.08526E+00 -9.08541E+00  1.00000E+00
2015  9 21   417.00  1.75007E+00  0.00000E+00  0.00000E+00  0.00000E+00  1.75035E+00  0.00000E+00  1.45007E+00  1.45035E+00  1.00000E+00
2015  9 22   418.00  1.49073E+00  0.00000E+00  0.00000E+00  0.00000E+00  1.49051E+00  0.00000E+00  7.00726E-01  7.00511E-01  1.00000E+00
2015  9 23   419.00  1.20924E+00  0.00000E+00  0.00000E+00  0.00000E+00  1.20921E+00  0.00000E+00  7.99238E-01  7.99210E-01  1.00000E+00
2015  9 24   420.00  2.12012E+00  0.00000E+00  0.00000E+00  0.00000E+00  2.12011E+00  0.00000E+00  1.90012E+00  1.90011E+00  1.00000E+00
2015  9 25   421.00  1.53500E+00  0.00000E+00  0.00000E+00  0.00000E+00  1.53479E+00  0.00000E+00  1.25500E+00  1.25479E+00  1.00000E+00
2015  9 26   422.00  2.54604E+00  0.00000E+00  0.00000E+00  0.00000E+00  2.54590E+00  0.00000E+00  1.91604E+00  1.91590E+00  1.00000E+00
2015  9 27   423.00  2.43218E+00  0.00000E+00  0.00000E+00  0.00000E+00  2.43141E+00  0.00000E+00  1.71218E+00  1.71141E+00  1.00000E+00
2015  9 28   424.00  2.33624E+00  0.00000E+00  0.00000E+00  0.00000E+00  2.18381E+00  0.00000E+00  1.82624E+00  1.67381E+00  1.00000E+00
2015  9 29   425.00  2.15386E+00  0.00000E+00  0.00000E+00  0.00000E+00  1.61542E+00  0.00000E+00  1.71386E+00  1.17542E+00  1.00000E+00
2015  9 30   426.00  2.10641E+00  0.00000E+00  0.00000E+00  0.00000E+00  1.46122E+00  0.00000E+00  1.64641E+00  1.00122E+00  1.00000E+00
2015 10  1   427.00  2.30567E+00  0.00000E+00  0.00000E+00  0.00000E+00  1.26311E+00  0.00000E+00  1.95567E+00  9.13111E-01  1.00000E+00
2015 10  2   428.00  1.91665E+00  0.00000E+00  0.00000E+00  0.00000E+00  1.02957E+00  0.00000E+00  1.71665E+00  8.29570E-01  1.00000E+00
2015 10  3   429.00  2.17283E+00  0.00000E+00  0.00000E+00  0.00000E+00  1.04994E+00  0.00000E+00  1.89283E+00  7.69937E-01  1.00000E+00
2015 10  4   430.00  2.24874E+00  0.00000E+00  0.00000E+00  0.00000E+00  1.02921E+00  0.00000E+00  1.93874E+00  7.19210E-01  1.00000E+00
2015 10  5   431.00  1.13439E+00  0.00000E+00  0.00000E+00  0.00000E+00  1.06423E+00  0.00000E+00  7.54385E-01  6.84233E-01  1.00000E+00
2015 10  6   432.00  1.48229E+00  0.00000E+00  0.00000E+00  0.00000E+00  8.21084E-01  0.00000E+00  1.31229E+00  6.51084E-01  1.00000E+00
2015 10  7   433.00  1.61197E+00  0.00000E+00  0.00000E+00  0.00000E+00  8.48539E-01  0.00000E+00  1.39197E+00  6.28539E-01  1.00000E+00
2015 10  8   434.00  7.04247E-01  0.00000E+00  0.00000E+00  0.00000E+00  7.05191E-01  0.00000E+00 -1.58575E+00 -1.58481E+00  1.00000E+00
2015 10  9   435.00  1.29990E+00  0.00000E+00  0.00000E+00  0.00000E+00  1.29911E+00  0.00000E+00  1.29990E+00  1.29911E+00  1.00000E+00
2015 10 10   436.00  1.98412E+00  0.00000E+00  0.00000E+00  0.00000E+00  1.19834E+00  0.00000E+00  1.95412E+00  1.16834E+00  1.00000E+00
2015 10 11   437.00  1.82598E+00  0.00000E+00  0.00000E+00  0.00000E+00  7.91384E-01  0.00000E+00  1.75598E+00  7.21384E-01  1.00000E+00
2015 10 12   438.00  1.68682E+00  0.00000E+00  0.00000E+00  0.00000E+00  6.81149E-01  0.00000E+00  1.63682E+00  6.31149E-01  1.00000E+00
2015 10 13   439.00  5.40836E-01  0.00000E+00  0.00000E+00  0.00000E+00  5.39618E-01  0.00000E+00  3.08362E-02  2.96181E-02  1.00000E+00
2015 10 14   440.00  5.57704E-01  0.00000E+00  0.00000E+00  0.00000E+00  5.57853E-01  0.00000E+00 -1.01423E+01 -1.01421E+01  1.00000E+00
2015 10 15   441.00  3.34201E-01  0.00000E+00  0.00000E+00  0.00000E+00  3.34425E-01  0.00000E+00 -8.69580E+00 -8.69557E+00  1.00000E+00
2015 10 16   442.00  3.90077E-01  0.00000E+00  0.00000E+00  0.00000E+00  3.90745E-01  0.00000E+00 -1.28499E+01 -1.28493E+01  1.00000E+00
2015 10 17   443.00  4.82852E-01  0.00000E+00  0.00000E+00  0.00000E+00  4.82746E-01  0.00000E+00 -6.39715E+00 -6.39725E+00  1.00000E+00
2015 10 18   444.00  5.98821E-01  0.00000E+00  0.00000E+00  0.00000E+00  5.98945E-01  0.00000E+00 -3.58118E+00 -3.58105E+00  1.00000E+00
2015 10 19   445.00  3.91131E-01  0.00000E+00  0.00000E+00  0.00000E+00  3.91337E-01  0.00000E+00 -1.26887E+00 -1.26866E+00  1.00000E+00
2015 10 20   446.00  6.49425E-01  0.00000E+00  0.00000E+00  0.00000E+00  6.49247E-01  0.00000E+00  2.59425E-01  2.59247E-01  1.00000E+00
2015 10 21   447.00  6.31503E-01  0.00000E+00  0.00000E+00  0.00000E+00  6.31513E-01  0.00000E+00  2.41503E-01  2.41513E-01  1.00000E+00
2015 10 22   448.00  7.97022E-01  0.00000E+00  0.00000E+00  0.00000E+00  7.97052E-01  0.00000E+00  5.07022E-01  5.07052E-01  1.00000E+00
2015 10 23   449.00  1.47807E+00  0.00000E+00  0.00000E+00  0.00000E+00  1.47828E+00  0.00000E+00  1.39807E+00  1.39828E+00  1.00000E+00
2015 10 24   450.00  9.34076E-01  0.00000E+00  0.00000E+00  0.00000E+00  9.33935E-01  0.00000E+00  8.64076E-01  8.63935E-01  1.00000E+00
2015 10 25   451.00  9.81517E-01  0.00000E+00  0.00000E+00  0.00000E+00  9.81531E-01  0.00000E+00  9.61517E-01  9.61531E-01  1.00000E+00
2015 10 26   452.00  1.00787E+00  0.00000E+00  0.00000E+00  0.00000E+00  1.00785E+00  0.00000E+00  8.87874E-01  8.87852E-01  1.00000E+00
2015 10 27   453.00  1.05004E+00  0.00000E+00  0.00000E+00  0.00000E+00  1.05003E+00  0.00000E+00  9.20044E-01  9.20025E-01  1.00000E+00
2015 10 28   454.00  1.01104E+00  0.00000E+00  0.00000E+00  0.00000E+00  1.01104E+00  0.00000E+00  9.41037E-01  9.41042E-01  1.00000E+00
2015 10 29   455.00  7.72774E-01  0.00000E+00  0.00000E+00  0.00000E+00  7.72618E-01  0.00000E+00  6.52774E-01  6.52618E-01  1.00000E+00
2015 10 30   456.00  2.99410E-01  0.00000E+00  0.00000E+00  0.00000E+00  2.99259E-01  0.00000E+00  2.09410E-01  2.09259E-01  1.00000E+00
2015 10 31   457.00  9.34076E-01  0.00000E+00  0.00000E+00  0.00000E+00  9.34148E-01  0.00000E+00  7.54076E-01  7.54148E-01  1.00000E+00
2015 11  1   458.00  1.00366E+00  0.00000E+00  0.00000E+00  0.00000E+00  1.00368E+00  0.00000E+00  8.33657E-01  8.33678E-01  1.00000E+00
2015 11  2   459.00  3.20495E-01  0.00000E+00  0.00000E+00  0.00000E+00  3.20233E-01  0.00000E+00 -8.95045E-02 -8.97673E-02  1.00000E+00
2015 11  3   460.00  5.88278E-01  0.00000E+00  0.00000E+00  0.00000E+00  5.88281E-01  0.00000E+00  2.88278E-01  2.88281E-01  1.00000E+00
2015 11  4   461.00  2.51968E-01  0.00000E+00  0.00000E+00  0.00000E+00  2.51908E-01  0.00000E+00  1.96850E-03  1.90768E-03  1.00000E+00
2015 11  5   462.00  3.15224E-01  0.00000E+00  0.00000E+00  0.00000E+00  3.15065E-01  0.00000E+00 -5.04776E-01 -5.04935E-01  1.00000E+00
2015 11  6   463.00  3.66883E-01  0.00000E+00  0.00000E+00  0.00000E+00  3.66615E-01  0.00000E+00 -8.83117E-01 -8.83385E-01  1.00000E+00
2015 11  7   464.00  6.93704E-01  0.00000E+00  0.00000E+00  0.00000E+00  6.94261E-01  0.00000E+00 -3.96630E+00 -3.96574E+00  1.00000E+00
2015 11  8   465.00  1.78276E+00  0.00000E+00  0.00000E+00  0.00000E+00  1.78311E+00  0.00000E+00 -9.27244E-01 -9.26893E-01  1.00000E+00
2015 11  9   466.00  1.43063E+00  0.00000E+00  0.00000E+00  0.00000E+00  1.43084E+00  0.00000E+00 -6.93671E-02 -6.91633E-02  1.00000E+00
2015 11 10   467.00  9.48835E-01  0.00000E+00  0.00000E+00  0.00000E+00  9.48121E-01  0.00000E+00 -1.65116E+00 -1.65188E+00  1.00000E+00
2015 11 11   468.00  1.05004E+00  0.00000E+00  0.00000E+00  0.00000E+00  1.05007E+00  0.00000E+00  1.00004E+00  1.00007E+00  1.00000E+00
2015 11 12   469.00  1.29569E+00  0.00000E+00  0.00000E+00  0.00000E+00  1.29582E+00  0.00000E+00  1.22569E+00  1.22582E+00  1.00000E+00
2015 11 13   470.00  8.96122E-01  0.00000E+00  0.00000E+00  0.00000E+00  8.95780E-01  0.00000E+00 -4.73878E-01 -4.74220E-01  1.00000E+00
2015 11 14   471.00  1.35683E+00  0.00000E+00  0.00000E+00  0.00000E+00  1.35724E+00  0.00000E+00  1.35683E+00  1.35724E+00  1.00000E+00
2015 11 15   472.00  3.83751E-01  0.00000E+00  0.00000E+00  0.00000E+00  3.84352E-01  0.00000E+00 -1.11562E+01 -1.11556E+01  1.00000E+00
2015 11 16   473.00  5.89332E-01  0.00000E+00  0.00000E+00  0.00000E+00  5.89558E-01  0.00000E+00 -4.31067E+00 -4.31044E+00  1.00000E+00
2015 11 17   474.00  5.87224E-01  0.00000E+00  0.00000E+00  0.00000E+00  5.87106E-01  0.00000E+00 -5.14278E+00 -5.14289E+00  1.00000E+00
2015 11 18   475.00  1.40111E+00  0.00000E+00  0.00000E+00  0.00000E+00  1.40125E+00  0.00000E+00 -3.42889E+00 -3.42875E+00  1.00000E+00
2015 11 19   476.00  1.69631E+00  0.00000E+00  0.00000E+00  0.00000E+00  1.69647E+00  0.00000E+00 -2.56369E+00 -2.56353E+00  1.00000E+00
2015 11 20   477.00  8.79254E-01  0.00000E+00  0.00000E+00  0.00000E+00  8.79398E-01  0.00000E+00 -6.60746E-01 -6.60602E-01  1.00000E+00
2015 11 21   478.00  5.37673E-01  0.00000E+00  0.00000E+00  0.00000E+00  5.37919E-01  0.00000E+00  4.47673E-01  4.47919E-01  1.00000E+00
2015 11 22   479.00  5.28185E-01  0.00000E+00  0.00000E+00  0.00000E+00  5.28087E-01  0.00000E+00 -2.81815E-01 -2.81913E-01  1.00000E+00
2015 11 23   480.00  3.87968E-01  0.00000E+00  0.00000E+00  0.00000E+00  3.87649E-01  0.00000E+00 -2.51203E+00 -2.51235E+00  1.00000E+00
2015 11 24   481.00  5.67193E-01  0.00000E+00  0.00000E+00  0.00000E+00  5.67565E-01  0.00000E+00  5.07193E-01  5.07565E-01  1.00000E+00
2015 11 25   482.00  4.13271E-01  0.00000E+00  0.00000E+00  0.00000E+00  4.13139E-01  0.00000E+00 -5.26729E-01 -5.26861E-01  1.00000E+00
2015 11 26   483.00  4.47007E-01  0.00000E+00  0.00000E+00  0.00000E+00  4.47300E-01  0.00000E+00  3.87007E-01  3.87300E-01  1.00000E+00
2015 11 27   484.00  2.79379E-01  0.00000E+00  0.00000E+00  0.00000E+00  2.79260E-01  0.00000E+00 -2.50621E-01 -2.50740E-01  1.00000E+00
2015 11 28   485.00  3.80588E-01  0.00000E+00  0.00000E+00  0.00000E+00  3.80067E-01  0.00000E+00 -2.37941E+00 -2.37993E+00  1.00000E+00
2015 11 29   486.00  6.83161E-01  0.00000E+00  0.00000E+00  0.00000E+00  6.83082E-01  0.00000E+00 -4.03684E+00 -4.03692E+00  1.00000E+00
2015 11 30   487.00  1.03528E+00  0.00000E+00  0.00000E+00  0.00000E+00  1.03561E+00  0.00000E+00 -8.24472E+00 -8.24439E+00  1.00000E+00
2015 12  1   488.00  7.21115E-01  0.00000E+00  0.00000E+00  0.00000E+00  7.21554E-01  0.00000E+00  2.51115E-01  2.51554E-01  1.00000E+00
2015 12  2   489.00  5.58759E-01  0.00000E+00  0.00000E+00  0.00000E+00  5.58770E-01  0.00000E+00 -2.94124E+00 -2.94123E+00  1.00000E+00
2015 12  3   490.00  9.98386E-01  0.00000E+00  0.00000E+00  0.00000E+00  9.98878E-01  0.00000E+00  8.98386E-01  8.98878E-01  1.00000E+00
2015 12  4   491.00  8.65549E-01  0.00000E+00  0.00000E+00  0.00000E+00  8.65617E-01  0.00000E+00  2.15549E-01  2.15617E-01  1.00000E+00
2015 12  5   492.00  1.37476E+00  0.00000E+00  0.00000E+00  0.00000E+00  1.37489E+00  0.00000E+00  1.37476E+00  1.37489E+00  1.00000E+00
2015 12  6   493.00  1.88502E+00  0.00000E+00  0.00000E+00  0.00000E+00  1.88500E+00  0.00000E+00  1.88502E+00  1.88500E+00  1.00000E+00
2015 12  7   494.00  5.68247E-01  0.00000E+00  0.00000E+00  0.00000E+00  5.67863E-01  0.00000E+00 -2.61753E-01 -2.62137E-01  1.00000E+00
2015 12  8   495.00  2.90976E-01  0.00000E+00  0.00000E+00  0.00000E+00  2.90845E-01  0.00000E+00 -3.90238E-02 -3.91546E-02  1.00000E+00
2015 12  9   496.00  4.80743E-01  0.00000E+00  0.00000E+00  0.00000E+00  4.80338E-01  0.00000E+00 -1.15926E+00 -1.15966E+00  1.00000E+00
2015 12 10   497.00  7.14789E-01  0.00000E+00  0.00000E+00  0.00000E+00  7.15054E-01  0.00000E+00  5.54789E-01  5.55054E-01  1.00000E+00
2015 12 11   498.00  6.06200E-01  0.00000E+00  0.00000E+00  0.00000E+00  6.05778E-01  0.00000E+00 -1.48380E+00 -1.48422E+00  1.00000E+00
2015 12 12   499.00  8.01239E-01  0.00000E+00  0.00000E+00  0.00000E+00  8.01187E-01  0.00000E+00  6.21239E-01  6.21187E-01  1.00000E+00
2015 12 13   500.00  6.44154E-01  0.00000E+00  0.00000E+00  0.00000E+00  6.44572E-01  0.00000E+00 -1.07758E+01 -1.07754E+01  1.00000E+00
2015 12 14   501.00  2.44589E-01  0.00000E+00  0.00000E+00  0.00000E+00  2.44622E-01  0.00000E+00 -3.54113E-02 -3.53780E-02  1.00000E+00
2015 12 15   502.00  2.00310E-01  0.00000E+00  0.00000E+00  0.00000E+00  2.00371E-01  0.00000E+00  1.00310E-01  1.00371E-01  1.00000E+00
2015 12 16   503.00  3.00465E-01  0.00000E+00  0.00000E+00  0.00000E+00  3.00408E-01  0.00000E+00  1.00465E-01  1.00408E-01  1.00000E+00
2015 12 17   504.00  4.95503E-01  0.00000E+00  0.00000E+00  0.00000E+00  4.95147E-01  0.00000E+00 -1.41450E+00 -1.41485E+00  1.00000E+00
2015 12 18   505.00  7.97022E-01  0.00000E+00  0.00000E+00  0.00000E+00  7.96793E-01  0.00000E+00 -2.02978E-01 -2.03207E-01  1.00000E+00
2015 12 19   506.00  7.95967E-01  0.00000E+00  0.00000E+00  0.00000E+00  7.96312E-01  0.00000E+00  6.45967E-01  6.46312E-01  1.00000E+00
2015 12 20   507.00  5.72464E-01  0.00000E+00  0.00000E+00  0.00000E+00  5.72529E-01  0.00000E+00  3.92464E-01  3.92529E-01  1.00000E+00
2015 12 21   508.00  8.88742E-01  0.00000E+00  0.00000E+00  0.00000E+00  8.88301E-01  0.00000E+00 -2.91126E+00 -2.91170E+00  1.00000E+00
2015 12 22   509.00  1.22505E+00  0.00000E+00  0.00000E+00  0.00000E+00  1.22550E+00  0.00000E+00 -4.14948E-01 -4.14496E-01  1.00000E+00
2015 12 23   510.00  1.66679E+00  0.00000E+00  0.00000E+00  0.00000E+00  1.66666E+00  0.00000E+00  1.13679E+00  1.13666E+00  1.00000E+00
2015 12 24   511.00  6.97921E-01  0.00000E+00  0.00000E+00  0.00000E+00  6.97730E-01  0.00000E+00  4.57921E-01  4.57730E-01  1.00000E+00
2015 12 25   512.00  1.03107E+00  0.00000E+00  0.00000E+00  0.00000E+00  1.03108E+00  0.00000E+00  3.41068E-01  3.41077E-01  1.00000E+00
2015 12 26   513.00  1.36527E+00  0.00000E+00  0.00000E+00  0.00000E+00  1.36525E+00  0.00000E+00  2.55269E-01  2.55253E-01  1.00000E+00
2015 12 27   514.00  1.11963E+00  0.00000E+00  0.00000E+00  0.00000E+00  1.11982E+00  0.00000E+00  8.19626E-01  8.19819E-01  1.00000E+00
2015 12 28   515.00  7.27440E-01  0.00000E+00  0.00000E+00  0.00000E+00  7.27428E-01  0.00000E+00  6.67440E-01  6.67428E-01  1.00000E+00
2015 12 29   516.00  7.16898E-01  0.00000E+00  0.00000E+00  0.00000E+00  7.16909E-01  0.00000E+00  7.16898E-01  7.16909E-01  1.00000E+00
2015 12 30   517.00  7.74882E-01  0.00000E+00  0.00000E+00  0.00000E+00  7.74937E-01  0.00000E+00  7.74882E-01  7.74937E-01  1.00000E+00
2015 12 31   518.00  8.22324E-01  0.00000E+00  0.00000E+00  0.00000E+00  8.22167E-01  0.00000E+00  2.42324E-01  2.42167E-01  1.00000E+00
